gyp info it worked if it ends with ok
gyp info using node-gyp@9.3.1
gyp info using node@18.16.0 | win32 | x64
gyp info find Python using Python version 3.11.3 found at "C:\Python311\python.exe"
gyp http GET https://nodejs.org/download/release/v18.16.0/node-v18.16.0-headers.tar.gz
gyp http 200 https://nodejs.org/download/release/v18.16.0/node-v18.16.0-headers.tar.gz
gyp http GET https://nodejs.org/download/release/v18.16.0/SHASUMS256.txt
gyp http GET https://nodejs.org/download/release/v18.16.0/win-x86/node.lib
gyp http GET https://nodejs.org/download/release/v18.16.0/win-x64/node.lib
gyp http GET https://nodejs.org/download/release/v18.16.0/win-arm64/node.lib
gyp http 404 https://nodejs.org/download/release/v18.16.0/win-arm64/node.lib
gyp http 200 https://nodejs.org/download/release/v18.16.0/win-x64/node.lib
gyp http 200 https://nodejs.org/download/release/v18.16.0/SHASUMS256.txt
gyp http 200 https://nodejs.org/download/release/v18.16.0/win-x86/node.lib
gyp info find VS using VS2022 (17.4.33122.133) found at:
gyp info find VS "C:\Program Files\Microsoft Visual Studio\2022\Community"
gyp info find VS run with --verbose for detailed information
gyp info spawn C:\Python311\python.exe
gyp info spawn args [
gyp info spawn args   'C:\\Program Files\\nodejs\\node_modules\\npm\\node_modules\\node-gyp\\gyp\\gyp_main.py',
gyp info spawn args   'binding.gyp',
gyp info spawn args   '-f',
gyp info spawn args   'msvs',
gyp info spawn args   '-I',
gyp info spawn args   'C:\\xampp\\htdocs\\Labo-III\\Bootstrap\\Ej3.InstalacionNPM\\node_modules\\uws\\build\\config.gypi',
gyp info spawn args   '-I',
gyp info spawn args   'C:\\Program Files\\nodejs\\node_modules\\npm\\node_modules\\node-gyp\\addon.gypi',
gyp info spawn args   '-I',
gyp info spawn args   'C:\\Users\\Ivan Fabella\\AppData\\Local\\node-gyp\\Cache\\18.16.0\\include\\node\\common.gypi',
gyp info spawn args   '-Dlibrary=shared_library',
gyp info spawn args   '-Dvisibility=default',
gyp info spawn args   '-Dnode_root_dir=C:\\Users\\Ivan Fabella\\AppData\\Local\\node-gyp\\Cache\\18.16.0',
gyp info spawn args   '-Dnode_gyp_dir=C:\\Program Files\\nodejs\\node_modules\\npm\\node_modules\\node-gyp',
gyp info spawn args   '-Dnode_lib_file=C:\\\\Users\\\\Ivan Fabella\\\\AppData\\\\Local\\\\node-gyp\\\\Cache\\\\18.16.0\\\\<(target_arch)\\\\node.lib',
gyp info spawn args   '-Dmodule_root_dir=C:\\xampp\\htdocs\\Labo-III\\Bootstrap\\Ej3.InstalacionNPM\\node_modules\\uws',
gyp info spawn args   '-Dnode_engine=v8',
gyp info spawn args   '--depth=.',
gyp info spawn args   '--no-parallel',
gyp info spawn args   '--generator-output',
gyp info spawn args   'C:\\xampp\\htdocs\\Labo-III\\Bootstrap\\Ej3.InstalacionNPM\\node_modules\\uws\\build',
gyp info spawn args   '-Goutput_dir=.'
gyp info spawn args ]
gyp info spawn C:\Program Files\Microsoft Visual Studio\2022\Community\MSBuild\Current\Bin\MSBuild.exe
gyp info spawn args [
gyp info spawn args   'build/binding.sln',
gyp info spawn args   '/clp:Verbosity=minimal',
gyp info spawn args   '/nologo',
gyp info spawn args   '/p:Configuration=Release;Platform=x64'
gyp info spawn args ]
Los proyectos de esta soluci¢n se van a compilar de uno en uno. Para habilitar la compilaci¢n en paralelo, agregue el modificador "-m".
  Extensions.cpp
  Group.cpp
  Networking.cpp
  Hub.cpp
C:\xampp\htdocs\Labo-III\Bootstrap\Ej3.InstalacionNPM\node_modules\uws\src\Hub.cpp(175,17): warning C4530: Se ha utilizado el controlador de excepciones de C++, pero la sem ntica de desenredo no est  habilitada. Especifique /EHsc [C:\xampp\htdocs\Labo-III\Bootstrap\Ej3.InstalacionNPM\node_modules\uws\build\uws.vcxproj]
  Node.cpp
  WebSocket.cpp
  HTTPSocket.cpp
  Socket.cpp
  addon.cpp
C:\xampp\htdocs\Labo-III\Bootstrap\Ej3.InstalacionNPM\node_modules\uws\src\addon.h(21,15): warning C4996: 'node::MakeCallback': se declar¢ desusado [C:\xampp\htdocs\Labo-III\Bootstrap\Ej3.InstalacionNPM\node_modules\uws\build\uws.vcxproj]
C:\xampp\htdocs\Labo-III\Bootstrap\Ej3.InstalacionNPM\node_modules\uws\src\addon.h(37,64): error C2665: 'v8::String::Utf8Value::Utf8Value':ninguna funci¢n sobrecargada pudo convertir todos los tipos de argumento [C:\xampp\htdocs\Labo-III\Bootstrap\Ej3.InstalacionNPM\node_modules\uws\build\uws.vcxproj]
C:\Users\Ivan Fabella\AppData\Local\node-gyp\Cache\18.16.0\include\node\v8-primitive.h(517,5): message : puede ser 'v8::String::Utf8Value::Utf8Value(const v8::String::Utf8Value &)' [C:\xampp\htdocs\Labo-III\Bootstrap\Ej3.InstalacionNPM\node_modules\uws\build\uws.vcxproj]
C:\xampp\htdocs\Labo-III\Bootstrap\Ej3.InstalacionNPM\node_modules\uws\src\addon.h(37,64): message : 'v8::String::Utf8Value::Utf8Value(const v8::String::Utf8Value &)': el argumento 1 no puede convertirse de 'const v8::Local<v8::Value>' a 'const v8::String::Utf8Value &' [C:\xampp\htdocs\Labo-III\Bootstrap\Ej3.InstalacionNPM\node_modules\uws\build\uws.vcxproj]
C:\xampp\htdocs\Labo-III\Bootstrap\Ej3.InstalacionNPM\node_modules\uws\src\addon.h(37,65): message : Raz¢n: no se puede realizar la conversi¢n de 'const v8::Local<v8::Value>' a 'const v8::String::Utf8Value' [C:\xampp\htdocs\Labo-III\Bootstrap\Ej3.InstalacionNPM\node_modules\uws\build\uws.vcxproj]
C:\xampp\htdocs\Labo-III\Bootstrap\Ej3.InstalacionNPM\node_modules\uws\src\addon.h(37,65): message : No hay disponible ning£n operador de conversi¢n definido por el usuario que pueda realizar esta conversi¢n, o bien no se puede llamar al operador [C:\xampp\htdocs\Labo-III\Bootstrap\Ej3.InstalacionNPM\node_modules\uws\build\uws.vcxproj]
C:\xampp\htdocs\Labo-III\Bootstrap\Ej3.InstalacionNPM\node_modules\uws\src\addon.h(37,64): message : al hacer coincidir la lista de argumentos '(const v8::Local<v8::Value>)' [C:\xampp\htdocs\Labo-III\Bootstrap\Ej3.InstalacionNPM\node_modules\uws\build\uws.vcxproj]
C:\xampp\htdocs\Labo-III\Bootstrap\Ej3.InstalacionNPM\node_modules\uws\src\addon.h(45,26): error C2039: "Contents": no es un miembro de "v8::ArrayBuffer" [C:\xampp\htdocs\Labo-III\Bootstrap\Ej3.InstalacionNPM\node_modules\uws\build\uws.vcxproj]
C:\Users\Ivan Fabella\AppData\Local\node-gyp\Cache\18.16.0\include\node\v8-wasm.h(18,7): message : vea la declaraci¢n de 'v8::ArrayBuffer' [C:\xampp\htdocs\Labo-III\Bootstrap\Ej3.InstalacionNPM\node_modules\uws\build\uws.vcxproj]
C:\xampp\htdocs\Labo-III\Bootstrap\Ej3.InstalacionNPM\node_modules\uws\src\addon.h(45,1): error C2065: 'Contents': identificador no declarado [C:\xampp\htdocs\Labo-III\Bootstrap\Ej3.InstalacionNPM\node_modules\uws\build\uws.vcxproj]
C:\xampp\htdocs\Labo-III\Bootstrap\Ej3.InstalacionNPM\node_modules\uws\src\addon.h(45,35): error C2146: error de sintaxis: falta ';' delante del identificador 'contents' [C:\xampp\htdocs\Labo-III\Bootstrap\Ej3.InstalacionNPM\node_modules\uws\build\uws.vcxproj]
C:\xampp\htdocs\Labo-III\Bootstrap\Ej3.InstalacionNPM\node_modules\uws\src\addon.h(45,35): error C2065: 'contents': identificador no declarado [C:\xampp\htdocs\Labo-III\Bootstrap\Ej3.InstalacionNPM\node_modules\uws\build\uws.vcxproj]
C:\xampp\htdocs\Labo-III\Bootstrap\Ej3.InstalacionNPM\node_modules\uws\src\addon.h(45,73): error C2039: "GetContents": no es un miembro de "v8::ArrayBuffer" [C:\xampp\htdocs\Labo-III\Bootstrap\Ej3.InstalacionNPM\node_modules\uws\build\uws.vcxproj]
C:\Users\Ivan Fabella\AppData\Local\node-gyp\Cache\18.16.0\include\node\v8-wasm.h(18,7): message : vea la declaraci¢n de 'v8::ArrayBuffer' [C:\xampp\htdocs\Labo-III\Bootstrap\Ej3.InstalacionNPM\node_modules\uws\build\uws.vcxproj]
C:\xampp\htdocs\Labo-III\Bootstrap\Ej3.InstalacionNPM\node_modules\uws\src\addon.h(46,22): error C2065: 'contents': identificador no declarado [C:\xampp\htdocs\Labo-III\Bootstrap\Ej3.InstalacionNPM\node_modules\uws\build\uws.vcxproj]
C:\xampp\htdocs\Labo-III\Bootstrap\Ej3.InstalacionNPM\node_modules\uws\src\addon.h(47,29): error C2065: 'contents': identificador no declarado [C:\xampp\htdocs\Labo-III\Bootstrap\Ej3.InstalacionNPM\node_modules\uws\build\uws.vcxproj]
C:\xampp\htdocs\Labo-III\Bootstrap\Ej3.InstalacionNPM\node_modules\uws\src\addon.h(50,26): error C2039: "Contents": no es un miembro de "v8::ArrayBuffer" [C:\xampp\htdocs\Labo-III\Bootstrap\Ej3.InstalacionNPM\node_modules\uws\build\uws.vcxproj]
C:\Users\Ivan Fabella\AppData\Local\node-gyp\Cache\18.16.0\include\node\v8-wasm.h(18,7): message : vea la declaraci¢n de 'v8::ArrayBuffer' [C:\xampp\htdocs\Labo-III\Bootstrap\Ej3.InstalacionNPM\node_modules\uws\build\uws.vcxproj]
C:\xampp\htdocs\Labo-III\Bootstrap\Ej3.InstalacionNPM\node_modules\uws\src\addon.h(50,1): error C2065: 'Contents': identificador no declarado [C:\xampp\htdocs\Labo-III\Bootstrap\Ej3.InstalacionNPM\node_modules\uws\build\uws.vcxproj]
C:\xampp\htdocs\Labo-III\Bootstrap\Ej3.InstalacionNPM\node_modules\uws\src\addon.h(50,35): error C2146: error de sintaxis: falta ';' delante del identificador 'contents' [C:\xampp\htdocs\Labo-III\Bootstrap\Ej3.InstalacionNPM\node_modules\uws\build\uws.vcxproj]
C:\xampp\htdocs\Labo-III\Bootstrap\Ej3.InstalacionNPM\node_modules\uws\src\addon.h(50,35): error C2065: 'contents': identificador no declarado [C:\xampp\htdocs\Labo-III\Bootstrap\Ej3.InstalacionNPM\node_modules\uws\build\uws.vcxproj]
C:\xampp\htdocs\Labo-III\Bootstrap\Ej3.InstalacionNPM\node_modules\uws\src\addon.h(50,59): error C2039: "GetContents": no es un miembro de "v8::ArrayBuffer" [C:\xampp\htdocs\Labo-III\Bootstrap\Ej3.InstalacionNPM\node_modules\uws\build\uws.vcxproj]
C:\Users\Ivan Fabella\AppData\Local\node-gyp\Cache\18.16.0\include\node\v8-wasm.h(18,7): message : vea la declaraci¢n de 'v8::ArrayBuffer' [C:\xampp\htdocs\Labo-III\Bootstrap\Ej3.InstalacionNPM\node_modules\uws\build\uws.vcxproj]
C:\xampp\htdocs\Labo-III\Bootstrap\Ej3.InstalacionNPM\node_modules\uws\src\addon.h(51,22): error C2065: 'contents': identificador no declarado [C:\xampp\htdocs\Labo-III\Bootstrap\Ej3.InstalacionNPM\node_modules\uws\build\uws.vcxproj]
C:\xampp\htdocs\Labo-III\Bootstrap\Ej3.InstalacionNPM\node_modules\uws\src\addon.h(52,29): error C2065: 'contents': identificador no declarado [C:\xampp\htdocs\Labo-III\Bootstrap\Ej3.InstalacionNPM\node_modules\uws\build\uws.vcxproj]
C:\xampp\htdocs\Labo-III\Bootstrap\Ej3.InstalacionNPM\node_modules\uws\src\addon.h(102,72): error C2661: 'v8::ArrayBuffer::New': ninguna funci¢n sobrecargada acepta 3 argumentos [C:\xampp\htdocs\Labo-III\Bootstrap\Ej3.InstalacionNPM\node_modules\uws\build\uws.vcxproj]
C:\xampp\htdocs\Labo-III\Bootstrap\Ej3.InstalacionNPM\node_modules\uws\src\addon.h(102,72): message : al hacer coincidir la lista de argumentos '(v8::Isolate *, char *, size_t)' [C:\xampp\htdocs\Labo-III\Bootstrap\Ej3.InstalacionNPM\node_modules\uws\build\uws.vcxproj]
C:\xampp\htdocs\Labo-III\Bootstrap\Ej3.InstalacionNPM\node_modules\uws\src\addon.h(102,174): error C2039: "kNormalString": no es un miembro de "v8::String" [C:\xampp\htdocs\Labo-III\Bootstrap\Ej3.InstalacionNPM\node_modules\uws\build\uws.vcxproj]
C:\Users\Ivan Fabella\AppData\Local\node-gyp\Cache\18.16.0\include\node\v8-value-serializer.h(23,7): message : vea la declaraci¢n de 'v8::String' [C:\xampp\htdocs\Labo-III\Bootstrap\Ej3.InstalacionNPM\node_modules\uws\build\uws.vcxproj]
C:\xampp\htdocs\Labo-III\Bootstrap\Ej3.InstalacionNPM\node_modules\uws\src\addon.h(102,187): error C2065: 'kNormalString': identificador no declarado [C:\xampp\htdocs\Labo-III\Bootstrap\Ej3.InstalacionNPM\node_modules\uws\build\uws.vcxproj]
C:\xampp\htdocs\Labo-III\Bootstrap\Ej3.InstalacionNPM\node_modules\uws\src\addon.h(225,49): error C2660: 'v8::Value::ToObject': la funci¢n no acepta 0 argumentos [C:\xampp\htdocs\Labo-III\Bootstrap\Ej3.InstalacionNPM\node_modules\uws\build\uws.vcxproj]
C:\Users\Ivan Fabella\AppData\Local\node-gyp\Cache\18.16.0\include\node\v8-value.h(372,44): message : vea la declaraci¢n de 'v8::Value::ToObject' [C:\xampp\htdocs\Labo-III\Bootstrap\Ej3.InstalacionNPM\node_modules\uws\build\uws.vcxproj]
C:\xampp\htdocs\Labo-III\Bootstrap\Ej3.InstalacionNPM\node_modules\uws\src\addon.h(225,49): message : al hacer coincidir la lista de argumentos '()' [C:\xampp\htdocs\Labo-III\Bootstrap\Ej3.InstalacionNPM\node_modules\uws\build\uws.vcxproj]
C:\xampp\htdocs\Labo-III\Bootstrap\Ej3.InstalacionNPM\node_modules\uws\src\addon.h(227,29): error C2660: 'v8::Value::IntegerValue': la funci¢n no acepta 0 argumentos [C:\xampp\htdocs\Labo-III\Bootstrap\Ej3.InstalacionNPM\node_modules\uws\build\uws.vcxproj]
C:\Users\Ivan Fabella\AppData\Local\node-gyp\Cache\18.16.0\include\node\v8-value.h(413,40): message : vea la declaraci¢n de 'v8::Value::IntegerValue' [C:\xampp\htdocs\Labo-III\Bootstrap\Ej3.InstalacionNPM\node_modules\uws\build\uws.vcxproj]
C:\xampp\htdocs\Labo-III\Bootstrap\Ej3.InstalacionNPM\node_modules\uws\src\addon.h(227,29): message : al hacer coincidir la lista de argumentos '()' [C:\xampp\htdocs\Labo-III\Bootstrap\Ej3.InstalacionNPM\node_modules\uws\build\uws.vcxproj]
C:\xampp\htdocs\Labo-III\Bootstrap\Ej3.InstalacionNPM\node_modules\uws\src\addon.h(341,15): warning C4996: 'node::MakeCallback': se declar¢ desusado [C:\xampp\htdocs\Labo-III\Bootstrap\Ej3.InstalacionNPM\node_modules\uws\build\uws.vcxproj]
C:\xampp\htdocs\Labo-III\Bootstrap\Ej3.InstalacionNPM\node_modules\uws\src\addon.h(405,11): error C2660: 'v8::Function::Call': la funci¢n no acepta 3 argumentos [C:\xampp\htdocs\Labo-III\Bootstrap\Ej3.InstalacionNPM\node_modules\uws\build\uws.vcxproj]
C:\Users\Ivan Fabella\AppData\Local\node-gyp\Cache\18.16.0\include\node\v8-function.h(55,43): message : vea la declaraci¢n de 'v8::Function::Call' [C:\xampp\htdocs\Labo-III\Bootstrap\Ej3.InstalacionNPM\node_modules\uws\build\uws.vcxproj]
C:\xampp\htdocs\Labo-III\Bootstrap\Ej3.InstalacionNPM\node_modules\uws\src\addon.h(405,11): message : al hacer coincidir la lista de argumentos '(v8::Local<v8::Primitive>, int, v8::Local<v8::Value> [1])' [C:\xampp\htdocs\Labo-III\Bootstrap\Ej3.InstalacionNPM\node_modules\uws\build\uws.vcxproj]
C:\xampp\htdocs\Labo-III\Bootstrap\Ej3.InstalacionNPM\node_modules\uws\src\addon.h(418,33): error C2660: 'v8::Value::IntegerValue': la funci¢n no acepta 0 argumentos [C:\xampp\htdocs\Labo-III\Bootstrap\Ej3.InstalacionNPM\node_modules\uws\build\uws.vcxproj]
C:\Users\Ivan Fabella\AppData\Local\node-gyp\Cache\18.16.0\include\node\v8-value.h(413,40): message : vea la declaraci¢n de 'v8::Value::IntegerValue' [C:\xampp\htdocs\Labo-III\Bootstrap\Ej3.InstalacionNPM\node_modules\uws\build\uws.vcxproj]
C:\xampp\htdocs\Labo-III\Bootstrap\Ej3.InstalacionNPM\node_modules\uws\src\addon.h(418,33): message : al hacer coincidir la lista de argumentos '()' [C:\xampp\htdocs\Labo-III\Bootstrap\Ej3.InstalacionNPM\node_modules\uws\build\uws.vcxproj]
C:\xampp\htdocs\Labo-III\Bootstrap\Ej3.InstalacionNPM\node_modules\uws\src\addon.h(427,23): error C2660: 'v8::Value::IntegerValue': la funci¢n no acepta 0 argumentos [C:\xampp\htdocs\Labo-III\Bootstrap\Ej3.InstalacionNPM\node_modules\uws\build\uws.vcxproj]
C:\Users\Ivan Fabella\AppData\Local\node-gyp\Cache\18.16.0\include\node\v8-value.h(413,40): message : vea la declaraci¢n de 'v8::Value::IntegerValue' [C:\xampp\htdocs\Labo-III\Bootstrap\Ej3.InstalacionNPM\node_modules\uws\build\uws.vcxproj]
C:\xampp\htdocs\Labo-III\Bootstrap\Ej3.InstalacionNPM\node_modules\uws\src\addon.h(427,23): message : al hacer coincidir la lista de argumentos '()' [C:\xampp\htdocs\Labo-III\Bootstrap\Ej3.InstalacionNPM\node_modules\uws\build\uws.vcxproj]
C:\xampp\htdocs\Labo-III\Bootstrap\Ej3.InstalacionNPM\node_modules\uws\src\http.h(31,123): error C2039: "kNormalString": no es un miembro de "v8::String" [C:\xampp\htdocs\Labo-III\Bootstrap\Ej3.InstalacionNPM\node_modules\uws\build\uws.vcxproj]
C:\Users\Ivan Fabella\AppData\Local\node-gyp\Cache\18.16.0\include\node\v8-value-serializer.h(23,7): message : vea la declaraci¢n de 'v8::String' [C:\xampp\htdocs\Labo-III\Bootstrap\Ej3.InstalacionNPM\node_modules\uws\build\uws.vcxproj]
C:\xampp\htdocs\Labo-III\Bootstrap\Ej3.InstalacionNPM\node_modules\uws\src\http.h(31,1): error C2065: 'kNormalString': identificador no declarado [C:\xampp\htdocs\Labo-III\Bootstrap\Ej3.InstalacionNPM\node_modules\uws\build\uws.vcxproj]
C:\xampp\htdocs\Labo-III\Bootstrap\Ej3.InstalacionNPM\node_modules\uws\src\http.h(42,1): warning C4311: 'conversi¢n de tipo': truncamiento de puntero de 'void *' a 'long' [C:\xampp\htdocs\Labo-III\Bootstrap\Ej3.InstalacionNPM\node_modules\uws\build\uws.vcxproj]
C:\xampp\htdocs\Labo-III\Bootstrap\Ej3.InstalacionNPM\node_modules\uws\src\http.h(42,1): warning C4302: 'conversi¢n de tipo': truncamiento de 'void *' a 'long' [C:\xampp\htdocs\Labo-III\Bootstrap\Ej3.InstalacionNPM\node_modules\uws\build\uws.vcxproj]
C:\xampp\htdocs\Labo-III\Bootstrap\Ej3.InstalacionNPM\node_modules\uws\src\http.h(45,112): error C2039: "kNormalString": no es un miembro de "v8::String" [C:\xampp\htdocs\Labo-III\Bootstrap\Ej3.InstalacionNPM\node_modules\uws\build\uws.vcxproj]
C:\Users\Ivan Fabella\AppData\Local\node-gyp\Cache\18.16.0\include\node\v8-value-serializer.h(23,7): message : vea la declaraci¢n de 'v8::String' [C:\xampp\htdocs\Labo-III\Bootstrap\Ej3.InstalacionNPM\node_modules\uws\build\uws.vcxproj]
C:\xampp\htdocs\Labo-III\Bootstrap\Ej3.InstalacionNPM\node_modules\uws\src\http.h(45,1): error C2065: 'kNormalString': identificador no declarado [C:\xampp\htdocs\Labo-III\Bootstrap\Ej3.InstalacionNPM\node_modules\uws\build\uws.vcxproj]
C:\xampp\htdocs\Labo-III\Bootstrap\Ej3.InstalacionNPM\node_modules\uws\src\http.h(48,112): error C2039: "kNormalString": no es un miembro de "v8::String" [C:\xampp\htdocs\Labo-III\Bootstrap\Ej3.InstalacionNPM\node_modules\uws\build\uws.vcxproj]
C:\Users\Ivan Fabella\AppData\Local\node-gyp\Cache\18.16.0\include\node\v8-value-serializer.h(23,7): message : vea la declaraci¢n de 'v8::String' [C:\xampp\htdocs\Labo-III\Bootstrap\Ej3.InstalacionNPM\node_modules\uws\build\uws.vcxproj]
C:\xampp\htdocs\Labo-III\Bootstrap\Ej3.InstalacionNPM\node_modules\uws\src\http.h(48,1): error C2065: 'kNormalString': identificador no declarado [C:\xampp\htdocs\Labo-III\Bootstrap\Ej3.InstalacionNPM\node_modules\uws\build\uws.vcxproj]
C:\xampp\htdocs\Labo-III\Bootstrap\Ej3.InstalacionNPM\node_modules\uws\src\http.h(51,113): error C2039: "kNormalString": no es un miembro de "v8::String" [C:\xampp\htdocs\Labo-III\Bootstrap\Ej3.InstalacionNPM\node_modules\uws\build\uws.vcxproj]
C:\Users\Ivan Fabella\AppData\Local\node-gyp\Cache\18.16.0\include\node\v8-value-serializer.h(23,7): message : vea la declaraci¢n de 'v8::String' [C:\xampp\htdocs\Labo-III\Bootstrap\Ej3.InstalacionNPM\node_modules\uws\build\uws.vcxproj]
C:\xampp\htdocs\Labo-III\Bootstrap\Ej3.InstalacionNPM\node_modules\uws\src\http.h(51,1): error C2065: 'kNormalString': identificador no declarado [C:\xampp\htdocs\Labo-III\Bootstrap\Ej3.InstalacionNPM\node_modules\uws\build\uws.vcxproj]
C:\xampp\htdocs\Labo-III\Bootstrap\Ej3.InstalacionNPM\node_modules\uws\src\http.h(54,113): error C2039: "kNormalString": no es un miembro de "v8::String" [C:\xampp\htdocs\Labo-III\Bootstrap\Ej3.InstalacionNPM\node_modules\uws\build\uws.vcxproj]
C:\Users\Ivan Fabella\AppData\Local\node-gyp\Cache\18.16.0\include\node\v8-value-serializer.h(23,7): message : vea la declaraci¢n de 'v8::String' [C:\xampp\htdocs\Labo-III\Bootstrap\Ej3.InstalacionNPM\node_modules\uws\build\uws.vcxproj]
C:\xampp\htdocs\Labo-III\Bootstrap\Ej3.InstalacionNPM\node_modules\uws\src\http.h(54,1): error C2065: 'kNormalString': identificador no declarado [C:\xampp\htdocs\Labo-III\Bootstrap\Ej3.InstalacionNPM\node_modules\uws\build\uws.vcxproj]
C:\xampp\htdocs\Labo-III\Bootstrap\Ej3.InstalacionNPM\node_modules\uws\src\http.h(57,114): error C2039: "kNormalString": no es un miembro de "v8::String" [C:\xampp\htdocs\Labo-III\Bootstrap\Ej3.InstalacionNPM\node_modules\uws\build\uws.vcxproj]
C:\Users\Ivan Fabella\AppData\Local\node-gyp\Cache\18.16.0\include\node\v8-value-serializer.h(23,7): message : vea la declaraci¢n de 'v8::String' [C:\xampp\htdocs\Labo-III\Bootstrap\Ej3.InstalacionNPM\node_modules\uws\build\uws.vcxproj]
C:\xampp\htdocs\Labo-III\Bootstrap\Ej3.InstalacionNPM\node_modules\uws\src\http.h(57,1): error C2065: 'kNormalString': identificador no declarado [C:\xampp\htdocs\Labo-III\Bootstrap\Ej3.InstalacionNPM\node_modules\uws\build\uws.vcxproj]
C:\xampp\htdocs\Labo-III\Bootstrap\Ej3.InstalacionNPM\node_modules\uws\src\http.h(60,114): error C2039: "kNormalString": no es un miembro de "v8::String" [C:\xampp\htdocs\Labo-III\Bootstrap\Ej3.InstalacionNPM\node_modules\uws\build\uws.vcxproj]
C:\Users\Ivan Fabella\AppData\Local\node-gyp\Cache\18.16.0\include\node\v8-value-serializer.h(23,7): message : vea la declaraci¢n de 'v8::String' [C:\xampp\htdocs\Labo-III\Bootstrap\Ej3.InstalacionNPM\node_modules\uws\build\uws.vcxproj]
C:\xampp\htdocs\Labo-III\Bootstrap\Ej3.InstalacionNPM\node_modules\uws\src\http.h(60,1): error C2065: 'kNormalString': identificador no declarado [C:\xampp\htdocs\Labo-III\Bootstrap\Ej3.InstalacionNPM\node_modules\uws\build\uws.vcxproj]
C:\xampp\htdocs\Labo-III\Bootstrap\Ej3.InstalacionNPM\node_modules\uws\src\http.h(63,115): error C2039: "kNormalString": no es un miembro de "v8::String" [C:\xampp\htdocs\Labo-III\Bootstrap\Ej3.InstalacionNPM\node_modules\uws\build\uws.vcxproj]
C:\Users\Ivan Fabella\AppData\Local\node-gyp\Cache\18.16.0\include\node\v8-value-serializer.h(23,7): message : vea la declaraci¢n de 'v8::String' [C:\xampp\htdocs\Labo-III\Bootstrap\Ej3.InstalacionNPM\node_modules\uws\build\uws.vcxproj]
C:\xampp\htdocs\Labo-III\Bootstrap\Ej3.InstalacionNPM\node_modules\uws\src\http.h(63,1): error C2065: 'kNormalString': identificador no declarado [C:\xampp\htdocs\Labo-III\Bootstrap\Ej3.InstalacionNPM\node_modules\uws\build\uws.vcxproj]
C:\xampp\htdocs\Labo-III\Bootstrap\Ej3.InstalacionNPM\node_modules\uws\src\http.h(66,116): error C2039: "kNormalString": no es un miembro de "v8::String" [C:\xampp\htdocs\Labo-III\Bootstrap\Ej3.InstalacionNPM\node_modules\uws\build\uws.vcxproj]
C:\Users\Ivan Fabella\AppData\Local\node-gyp\Cache\18.16.0\include\node\v8-value-serializer.h(23,7): message : vea la declaraci¢n de 'v8::String' [C:\xampp\htdocs\Labo-III\Bootstrap\Ej3.InstalacionNPM\node_modules\uws\build\uws.vcxproj]
C:\xampp\htdocs\Labo-III\Bootstrap\Ej3.InstalacionNPM\node_modules\uws\src\http.h(66,1): error C2065: 'kNormalString': identificador no declarado [C:\xampp\htdocs\Labo-III\Bootstrap\Ej3.InstalacionNPM\node_modules\uws\build\uws.vcxproj]
C:\xampp\htdocs\Labo-III\Bootstrap\Ej3.InstalacionNPM\node_modules\uws\src\http.h(69,116): error C2039: "kNormalString": no es un miembro de "v8::String" [C:\xampp\htdocs\Labo-III\Bootstrap\Ej3.InstalacionNPM\node_modules\uws\build\uws.vcxproj]
C:\Users\Ivan Fabella\AppData\Local\node-gyp\Cache\18.16.0\include\node\v8-value-serializer.h(23,7): message : vea la declaraci¢n de 'v8::String' [C:\xampp\htdocs\Labo-III\Bootstrap\Ej3.InstalacionNPM\node_modules\uws\build\uws.vcxproj]
C:\xampp\htdocs\Labo-III\Bootstrap\Ej3.InstalacionNPM\node_modules\uws\src\http.h(69,1): error C2065: 'kNormalString': identificador no declarado [C:\xampp\htdocs\Labo-III\Bootstrap\Ej3.InstalacionNPM\node_modules\uws\build\uws.vcxproj]
C:\xampp\htdocs\Labo-III\Bootstrap\Ej3.InstalacionNPM\node_modules\uws\src\http.h(90,29): error C2664: 'void v8::FunctionTemplate::SetClassName(v8::Local<v8::String>)': el argumento 1 no puede convertirse de 'v8::MaybeLocal<v8::String>' a 'v8::Local<v8::String>' [C:\xampp\htdocs\Labo-III\Bootstrap\Ej3.InstalacionNPM\node_modules\uws\build\uws.vcxproj]
C:\xampp\htdocs\Labo-III\Bootstrap\Ej3.InstalacionNPM\node_modules\uws\src\http.h(90,63): message : No hay disponible ning£n operador de conversi¢n definido por el usuario que pueda realizar esta conversi¢n, o bien no se puede llamar al operador [C:\xampp\htdocs\Labo-III\Bootstrap\Ej3.InstalacionNPM\node_modules\uws\build\uws.vcxproj]
C:\Users\Ivan Fabella\AppData\Local\node-gyp\Cache\18.16.0\include\node\v8-template.h(568,8): message : vea la declaraci¢n de 'v8::FunctionTemplate::SetClassName' [C:\xampp\htdocs\Labo-III\Bootstrap\Ej3.InstalacionNPM\node_modules\uws\build\uws.vcxproj]
C:\xampp\htdocs\Labo-III\Bootstrap\Ej3.InstalacionNPM\node_modules\uws\src\http.h(90,29): message : al hacer coincidir la lista de argumentos '(v8::MaybeLocal<v8::String>)' [C:\xampp\htdocs\Labo-III\Bootstrap\Ej3.InstalacionNPM\node_modules\uws\build\uws.vcxproj]
C:\xampp\htdocs\Labo-III\Bootstrap\Ej3.InstalacionNPM\node_modules\uws\src\http.h(92,50): error C2665: 'v8::ObjectTemplate::SetAccessor':ninguna funci¢n sobrecargada pudo convertir todos los tipos de argumento [C:\xampp\htdocs\Labo-III\Bootstrap\Ej3.InstalacionNPM\node_modules\uws\build\uws.vcxproj]
C:\Users\Ivan Fabella\AppData\Local\node-gyp\Cache\18.16.0\include\node\v8-template.h(852,8): message : puede ser 'void v8::ObjectTemplate::SetAccessor(v8::Local<v8::Name>,v8::AccessorNameGetterCallback,v8::AccessorNameSetterCallback,v8::Local<v8::Value>,v8::AccessControl,v8::PropertyAttribute,v8::SideEffectType,v8::SideEffectType)' [C:\xampp\htdocs\Labo-III\Bootstrap\Ej3.InstalacionNPM\node_modules\uws\build\uws.vcxproj]
C:\xampp\htdocs\Labo-III\Bootstrap\Ej3.InstalacionNPM\node_modules\uws\src\http.h(92,50): message : 'void v8::ObjectTemplate::SetAccessor(v8::Local<v8::Name>,v8::AccessorNameGetterCallback,v8::AccessorNameSetterCallback,v8::Local<v8::Value>,v8::AccessControl,v8::PropertyAttribute,v8::SideEffectType,v8::SideEffectType)': el argumento 1 no puede convertirse de 'v8::MaybeLocal<v8::String>' a 'v8::Local<v8::Name>' [C:\xampp\htdocs\Labo-III\Bootstrap\Ej3.InstalacionNPM\node_modules\uws\build\uws.vcxproj]
C:\xampp\htdocs\Labo-III\Bootstrap\Ej3.InstalacionNPM\node_modules\uws\src\http.h(92,83): message : No hay disponible ning£n operador de conversi¢n definido por el usuario que pueda realizar esta conversi¢n, o bien no se puede llamar al operador [C:\xampp\htdocs\Labo-III\Bootstrap\Ej3.InstalacionNPM\node_modules\uws\build\uws.vcxproj]
C:\Users\Ivan Fabella\AppData\Local\node-gyp\Cache\18.16.0\include\node\v8-template.h(845,8): message : o       'void v8::ObjectTemplate::SetAccessor(v8::Local<v8::String>,v8::AccessorGetterCallback,v8::AccessorSetterCallback,v8::Local<v8::Value>,v8::AccessControl,v8::PropertyAttribute,v8::SideEffectType,v8::SideEffectType)' [C:\xampp\htdocs\Labo-III\Bootstrap\Ej3.InstalacionNPM\node_modules\uws\build\uws.vcxproj]
C:\xampp\htdocs\Labo-III\Bootstrap\Ej3.InstalacionNPM\node_modules\uws\src\http.h(92,50): message : 'void v8::ObjectTemplate::SetAccessor(v8::Local<v8::String>,v8::AccessorGetterCallback,v8::AccessorSetterCallback,v8::Local<v8::Value>,v8::AccessControl,v8::PropertyAttribute,v8::SideEffectType,v8::SideEffectType)': el argumento 1 no puede convertirse de 'v8::MaybeLocal<v8::String>' a 'v8::Local<v8::String>' [C:\xampp\htdocs\Labo-III\Bootstrap\Ej3.InstalacionNPM\node_modules\uws\build\uws.vcxproj]
C:\xampp\htdocs\Labo-III\Bootstrap\Ej3.InstalacionNPM\node_modules\uws\src\http.h(92,83): message : No hay disponible ning£n operador de conversi¢n definido por el usuario que pueda realizar esta conversi¢n, o bien no se puede llamar al operador [C:\xampp\htdocs\Labo-III\Bootstrap\Ej3.InstalacionNPM\node_modules\uws\build\uws.vcxproj]
C:\xampp\htdocs\Labo-III\Bootstrap\Ej3.InstalacionNPM\node_modules\uws\src\http.h(92,50): message : al hacer coincidir la lista de argumentos '(v8::MaybeLocal<v8::String>, overloaded-function)' [C:\xampp\htdocs\Labo-III\Bootstrap\Ej3.InstalacionNPM\node_modules\uws\build\uws.vcxproj]
C:\xampp\htdocs\Labo-III\Bootstrap\Ej3.InstalacionNPM\node_modules\uws\src\http.h(93,50): error C2665: 'v8::ObjectTemplate::SetAccessor':ninguna funci¢n sobrecargada pudo convertir todos los tipos de argumento [C:\xampp\htdocs\Labo-III\Bootstrap\Ej3.InstalacionNPM\node_modules\uws\build\uws.vcxproj]
C:\Users\Ivan Fabella\AppData\Local\node-gyp\Cache\18.16.0\include\node\v8-template.h(852,8): message : puede ser 'void v8::ObjectTemplate::SetAccessor(v8::Local<v8::Name>,v8::AccessorNameGetterCallback,v8::AccessorNameSetterCallback,v8::Local<v8::Value>,v8::AccessControl,v8::PropertyAttribute,v8::SideEffectType,v8::SideEffectType)' [C:\xampp\htdocs\Labo-III\Bootstrap\Ej3.InstalacionNPM\node_modules\uws\build\uws.vcxproj]
C:\xampp\htdocs\Labo-III\Bootstrap\Ej3.InstalacionNPM\node_modules\uws\src\http.h(93,50): message : 'void v8::ObjectTemplate::SetAccessor(v8::Local<v8::Name>,v8::AccessorNameGetterCallback,v8::AccessorNameSetterCallback,v8::Local<v8::Value>,v8::AccessControl,v8::PropertyAttribute,v8::SideEffectType,v8::SideEffectType)': el argumento 1 no puede convertirse de 'v8::MaybeLocal<v8::String>' a 'v8::Local<v8::Name>' [C:\xampp\htdocs\Labo-III\Bootstrap\Ej3.InstalacionNPM\node_modules\uws\build\uws.vcxproj]
C:\xampp\htdocs\Labo-III\Bootstrap\Ej3.InstalacionNPM\node_modules\uws\src\http.h(93,83): message : No hay disponible ning£n operador de conversi¢n definido por el usuario que pueda realizar esta conversi¢n, o bien no se puede llamar al operador [C:\xampp\htdocs\Labo-III\Bootstrap\Ej3.InstalacionNPM\node_modules\uws\build\uws.vcxproj]
C:\Users\Ivan Fabella\AppData\Local\node-gyp\Cache\18.16.0\include\node\v8-template.h(845,8): message : o       'void v8::ObjectTemplate::SetAccessor(v8::Local<v8::String>,v8::AccessorGetterCallback,v8::AccessorSetterCallback,v8::Local<v8::Value>,v8::AccessControl,v8::PropertyAttribute,v8::SideEffectType,v8::SideEffectType)' [C:\xampp\htdocs\Labo-III\Bootstrap\Ej3.InstalacionNPM\node_modules\uws\build\uws.vcxproj]
C:\xampp\htdocs\Labo-III\Bootstrap\Ej3.InstalacionNPM\node_modules\uws\src\http.h(93,50): message : 'void v8::ObjectTemplate::SetAccessor(v8::Local<v8::String>,v8::AccessorGetterCallback,v8::AccessorSetterCallback,v8::Local<v8::Value>,v8::AccessControl,v8::PropertyAttribute,v8::SideEffectType,v8::SideEffectType)': el argumento 1 no puede convertirse de 'v8::MaybeLocal<v8::String>' a 'v8::Local<v8::String>' [C:\xampp\htdocs\Labo-III\Bootstrap\Ej3.InstalacionNPM\node_modules\uws\build\uws.vcxproj]
C:\xampp\htdocs\Labo-III\Bootstrap\Ej3.InstalacionNPM\node_modules\uws\src\http.h(93,83): message : No hay disponible ning£n operador de conversi¢n definido por el usuario que pueda realizar esta conversi¢n, o bien no se puede llamar al operador [C:\xampp\htdocs\Labo-III\Bootstrap\Ej3.InstalacionNPM\node_modules\uws\build\uws.vcxproj]
C:\xampp\htdocs\Labo-III\Bootstrap\Ej3.InstalacionNPM\node_modules\uws\src\http.h(93,50): message : al hacer coincidir la lista de argumentos '(v8::MaybeLocal<v8::String>, overloaded-function)' [C:\xampp\htdocs\Labo-III\Bootstrap\Ej3.InstalacionNPM\node_modules\uws\build\uws.vcxproj]
C:\xampp\htdocs\Labo-III\Bootstrap\Ej3.InstalacionNPM\node_modules\uws\src\http.h(94,50): error C2665: 'v8::Template::Set':ninguna funci¢n sobrecargada pudo convertir todos los tipos de argumento [C:\xampp\htdocs\Labo-III\Bootstrap\Ej3.InstalacionNPM\node_modules\uws\build\uws.vcxproj]
C:\Users\Ivan Fabella\AppData\Local\node-gyp\Cache\18.16.0\include\node\v8-template.h(52,8): message : puede ser 'void v8::Template::Set(v8::Local<v8::Name>,v8::Local<v8::Data>,v8::PropertyAttribute)' [C:\xampp\htdocs\Labo-III\Bootstrap\Ej3.InstalacionNPM\node_modules\uws\build\uws.vcxproj]
C:\xampp\htdocs\Labo-III\Bootstrap\Ej3.InstalacionNPM\node_modules\uws\src\http.h(94,50): message : 'void v8::Template::Set(v8::Local<v8::Name>,v8::Local<v8::Data>,v8::PropertyAttribute)': el argumento 1 no puede convertirse de 'v8::MaybeLocal<v8::String>' a 'v8::Local<v8::Name>' [C:\xampp\htdocs\Labo-III\Bootstrap\Ej3.InstalacionNPM\node_modules\uws\build\uws.vcxproj]
C:\xampp\htdocs\Labo-III\Bootstrap\Ej3.InstalacionNPM\node_modules\uws\src\http.h(94,75): message : No hay disponible ning£n operador de conversi¢n definido por el usuario que pueda realizar esta conversi¢n, o bien no se puede llamar al operador [C:\xampp\htdocs\Labo-III\Bootstrap\Ej3.InstalacionNPM\node_modules\uws\build\uws.vcxproj]
C:\xampp\htdocs\Labo-III\Bootstrap\Ej3.InstalacionNPM\node_modules\uws\src\http.h(94,50): message : al hacer coincidir la lista de argumentos '(v8::MaybeLocal<v8::String>, v8::Local<v8::FunctionTemplate>)' [C:\xampp\htdocs\Labo-III\Bootstrap\Ej3.InstalacionNPM\node_modules\uws\build\uws.vcxproj]
C:\xampp\htdocs\Labo-III\Bootstrap\Ej3.InstalacionNPM\node_modules\uws\src\http.h(95,50): error C2665: 'v8::Template::Set':ninguna funci¢n sobrecargada pudo convertir todos los tipos de argumento [C:\xampp\htdocs\Labo-III\Bootstrap\Ej3.InstalacionNPM\node_modules\uws\build\uws.vcxproj]
C:\Users\Ivan Fabella\AppData\Local\node-gyp\Cache\18.16.0\include\node\v8-template.h(52,8): message : puede ser 'void v8::Template::Set(v8::Local<v8::Name>,v8::Local<v8::Data>,v8::PropertyAttribute)' [C:\xampp\htdocs\Labo-III\Bootstrap\Ej3.InstalacionNPM\node_modules\uws\build\uws.vcxproj]
C:\xampp\htdocs\Labo-III\Bootstrap\Ej3.InstalacionNPM\node_modules\uws\src\http.h(95,50): message : 'void v8::Template::Set(v8::Local<v8::Name>,v8::Local<v8::Data>,v8::PropertyAttribute)': el argumento 1 no puede convertirse de 'v8::MaybeLocal<v8::String>' a 'v8::Local<v8::Name>' [C:\xampp\htdocs\Labo-III\Bootstrap\Ej3.InstalacionNPM\node_modules\uws\build\uws.vcxproj]
C:\xampp\htdocs\Labo-III\Bootstrap\Ej3.InstalacionNPM\node_modules\uws\src\http.h(95,75): message : No hay disponible ning£n operador de conversi¢n definido por el usuario que pueda realizar esta conversi¢n, o bien no se puede llamar al operador [C:\xampp\htdocs\Labo-III\Bootstrap\Ej3.InstalacionNPM\node_modules\uws\build\uws.vcxproj]
C:\xampp\htdocs\Labo-III\Bootstrap\Ej3.InstalacionNPM\node_modules\uws\src\http.h(95,50): message : al hacer coincidir la lista de argumentos '(v8::MaybeLocal<v8::String>, v8::Local<v8::FunctionTemplate>)' [C:\xampp\htdocs\Labo-III\Bootstrap\Ej3.InstalacionNPM\node_modules\uws\build\uws.vcxproj]
C:\xampp\htdocs\Labo-III\Bootstrap\Ej3.InstalacionNPM\node_modules\uws\src\http.h(96,50): error C2665: 'v8::Template::Set':ninguna funci¢n sobrecargada pudo convertir todos los tipos de argumento [C:\xampp\htdocs\Labo-III\Bootstrap\Ej3.InstalacionNPM\node_modules\uws\build\uws.vcxproj]
C:\Users\Ivan Fabella\AppData\Local\node-gyp\Cache\18.16.0\include\node\v8-template.h(52,8): message : puede ser 'void v8::Template::Set(v8::Local<v8::Name>,v8::Local<v8::Data>,v8::PropertyAttribute)' [C:\xampp\htdocs\Labo-III\Bootstrap\Ej3.InstalacionNPM\node_modules\uws\build\uws.vcxproj]
C:\xampp\htdocs\Labo-III\Bootstrap\Ej3.InstalacionNPM\node_modules\uws\src\http.h(96,50): message : 'void v8::Template::Set(v8::Local<v8::Name>,v8::Local<v8::Data>,v8::PropertyAttribute)': el argumento 1 no puede convertirse de 'v8::MaybeLocal<v8::String>' a 'v8::Local<v8::Name>' [C:\xampp\htdocs\Labo-III\Bootstrap\Ej3.InstalacionNPM\node_modules\uws\build\uws.vcxproj]
C:\xampp\htdocs\Labo-III\Bootstrap\Ej3.InstalacionNPM\node_modules\uws\src\http.h(96,75): message : No hay disponible ning£n operador de conversi¢n definido por el usuario que pueda realizar esta conversi¢n, o bien no se puede llamar al operador [C:\xampp\htdocs\Labo-III\Bootstrap\Ej3.InstalacionNPM\node_modules\uws\build\uws.vcxproj]
C:\xampp\htdocs\Labo-III\Bootstrap\Ej3.InstalacionNPM\node_modules\uws\src\http.h(96,50): message : al hacer coincidir la lista de argumentos '(v8::MaybeLocal<v8::String>, v8::Local<v8::FunctionTemplate>)' [C:\xampp\htdocs\Labo-III\Bootstrap\Ej3.InstalacionNPM\node_modules\uws\build\uws.vcxproj]
C:\xampp\htdocs\Labo-III\Bootstrap\Ej3.InstalacionNPM\node_modules\uws\src\http.h(97,50): error C2665: 'v8::Template::Set':ninguna funci¢n sobrecargada pudo convertir todos los tipos de argumento [C:\xampp\htdocs\Labo-III\Bootstrap\Ej3.InstalacionNPM\node_modules\uws\build\uws.vcxproj]
C:\Users\Ivan Fabella\AppData\Local\node-gyp\Cache\18.16.0\include\node\v8-template.h(52,8): message : puede ser 'void v8::Template::Set(v8::Local<v8::Name>,v8::Local<v8::Data>,v8::PropertyAttribute)' [C:\xampp\htdocs\Labo-III\Bootstrap\Ej3.InstalacionNPM\node_modules\uws\build\uws.vcxproj]
C:\xampp\htdocs\Labo-III\Bootstrap\Ej3.InstalacionNPM\node_modules\uws\src\http.h(97,50): message : 'void v8::Template::Set(v8::Local<v8::Name>,v8::Local<v8::Data>,v8::PropertyAttribute)': el argumento 1 no puede convertirse de 'v8::MaybeLocal<v8::String>' a 'v8::Local<v8::Name>' [C:\xampp\htdocs\Labo-III\Bootstrap\Ej3.InstalacionNPM\node_modules\uws\build\uws.vcxproj]
C:\xampp\htdocs\Labo-III\Bootstrap\Ej3.InstalacionNPM\node_modules\uws\src\http.h(97,75): message : No hay disponible ning£n operador de conversi¢n definido por el usuario que pueda realizar esta conversi¢n, o bien no se puede llamar al operador [C:\xampp\htdocs\Labo-III\Bootstrap\Ej3.InstalacionNPM\node_modules\uws\build\uws.vcxproj]
C:\xampp\htdocs\Labo-III\Bootstrap\Ej3.InstalacionNPM\node_modules\uws\src\http.h(97,50): message : al hacer coincidir la lista de argumentos '(v8::MaybeLocal<v8::String>, v8::Local<v8::FunctionTemplate>)' [C:\xampp\htdocs\Labo-III\Bootstrap\Ej3.InstalacionNPM\node_modules\uws\build\uws.vcxproj]
C:\xampp\htdocs\Labo-III\Bootstrap\Ej3.InstalacionNPM\node_modules\uws\src\http.h(99,60): error C2660: 'v8::FunctionTemplate::GetFunction': la funci¢n no acepta 0 argumentos [C:\xampp\htdocs\Labo-III\Bootstrap\Ej3.InstalacionNPM\node_modules\uws\build\uws.vcxproj]
C:\Users\Ivan Fabella\AppData\Local\node-gyp\Cache\18.16.0\include\node\v8-template.h(513,46): message : vea la declaraci¢n de 'v8::FunctionTemplate::GetFunction' [C:\xampp\htdocs\Labo-III\Bootstrap\Ej3.InstalacionNPM\node_modules\uws\build\uws.vcxproj]
C:\xampp\htdocs\Labo-III\Bootstrap\Ej3.InstalacionNPM\node_modules\uws\src\http.h(99,60): message : al hacer coincidir la lista de argumentos '()' [C:\xampp\htdocs\Labo-III\Bootstrap\Ej3.InstalacionNPM\node_modules\uws\build\uws.vcxproj]
C:\xampp\htdocs\Labo-III\Bootstrap\Ej3.InstalacionNPM\node_modules\uws\src\http.h(102,30): error C2039: "SetNamedPropertyHandler": no es un miembro de "v8::ObjectTemplate" [C:\xampp\htdocs\Labo-III\Bootstrap\Ej3.InstalacionNPM\node_modules\uws\build\uws.vcxproj]
C:\Users\Ivan Fabella\AppData\Local\node-gyp\Cache\18.16.0\include\node\v8-template.h(791,17): message : vea la declaraci¢n de 'v8::ObjectTemplate' [C:\xampp\htdocs\Labo-III\Bootstrap\Ej3.InstalacionNPM\node_modules\uws\build\uws.vcxproj]
C:\xampp\htdocs\Labo-III\Bootstrap\Ej3.InstalacionNPM\node_modules\uws\src\http.h(104,89): error C2660: 'v8::ObjectTemplate::NewInstance': la funci¢n no acepta 0 argumentos [C:\xampp\htdocs\Labo-III\Bootstrap\Ej3.InstalacionNPM\node_modules\uws\build\uws.vcxproj]
C:\Users\Ivan Fabella\AppData\Local\node-gyp\Cache\18.16.0\include\node\v8-template.h(799,44): message : vea la declaraci¢n de 'v8::ObjectTemplate::NewInstance' [C:\xampp\htdocs\Labo-III\Bootstrap\Ej3.InstalacionNPM\node_modules\uws\build\uws.vcxproj]
C:\xampp\htdocs\Labo-III\Bootstrap\Ej3.InstalacionNPM\node_modules\uws\src\http.h(104,89): message : al hacer coincidir la lista de argumentos '()' [C:\xampp\htdocs\Labo-III\Bootstrap\Ej3.InstalacionNPM\node_modules\uws\build\uws.vcxproj]
C:\xampp\htdocs\Labo-III\Bootstrap\Ej3.InstalacionNPM\node_modules\uws\src\http.h(104,27): error C2661: 'v8::Object::Set': ninguna funci¢n sobrecargada acepta 1 argumentos [C:\xampp\htdocs\Labo-III\Bootstrap\Ej3.InstalacionNPM\node_modules\uws\build\uws.vcxproj]
C:\xampp\htdocs\Labo-III\Bootstrap\Ej3.InstalacionNPM\node_modules\uws\src\http.h(104,27): message : al hacer coincidir la lista de argumentos '(v8::MaybeLocal<v8::String>)' [C:\xampp\htdocs\Labo-III\Bootstrap\Ej3.InstalacionNPM\node_modules\uws\build\uws.vcxproj]
C:\xampp\htdocs\Labo-III\Bootstrap\Ej3.InstalacionNPM\node_modules\uws\src\http.h(137,72): error C2660: 'v8::Value::IntegerValue': la funci¢n no acepta 0 argumentos [C:\xampp\htdocs\Labo-III\Bootstrap\Ej3.InstalacionNPM\node_modules\uws\build\uws.vcxproj]
C:\Users\Ivan Fabella\AppData\Local\node-gyp\Cache\18.16.0\include\node\v8-value.h(413,40): message : vea la declaraci¢n de 'v8::Value::IntegerValue' [C:\xampp\htdocs\Labo-III\Bootstrap\Ej3.InstalacionNPM\node_modules\uws\build\uws.vcxproj]
C:\xampp\htdocs\Labo-III\Bootstrap\Ej3.InstalacionNPM\node_modules\uws\src\http.h(137,72): message : al hacer coincidir la lista de argumentos '()' [C:\xampp\htdocs\Labo-III\Bootstrap\Ej3.InstalacionNPM\node_modules\uws\build\uws.vcxproj]
C:\xampp\htdocs\Labo-III\Bootstrap\Ej3.InstalacionNPM\node_modules\uws\src\http.h(147,74): error C2660: 'v8::Value::ToObject': la funci¢n no acepta 0 argumentos [C:\xampp\htdocs\Labo-III\Bootstrap\Ej3.InstalacionNPM\node_modules\uws\build\uws.vcxproj]
C:\Users\Ivan Fabella\AppData\Local\node-gyp\Cache\18.16.0\include\node\v8-value.h(372,44): message : vea la declaraci¢n de 'v8::Value::ToObject' [C:\xampp\htdocs\Labo-III\Bootstrap\Ej3.InstalacionNPM\node_modules\uws\build\uws.vcxproj]
C:\xampp\htdocs\Labo-III\Bootstrap\Ej3.InstalacionNPM\node_modules\uws\src\http.h(147,74): message : al hacer coincidir la lista de argumentos '()' [C:\xampp\htdocs\Labo-III\Bootstrap\Ej3.InstalacionNPM\node_modules\uws\build\uws.vcxproj]
C:\xampp\htdocs\Labo-III\Bootstrap\Ej3.InstalacionNPM\node_modules\uws\src\http.h(148,57): error C2661: 'v8::Object::GetOwnPropertyNames': ninguna funci¢n sobrecargada acepta 0 argumentos [C:\xampp\htdocs\Labo-III\Bootstrap\Ej3.InstalacionNPM\node_modules\uws\build\uws.vcxproj]
C:\xampp\htdocs\Labo-III\Bootstrap\Ej3.InstalacionNPM\node_modules\uws\src\http.h(148,57): message : al hacer coincidir la lista de argumentos '()' [C:\xampp\htdocs\Labo-III\Bootstrap\Ej3.InstalacionNPM\node_modules\uws\build\uws.vcxproj]
C:\xampp\htdocs\Labo-III\Bootstrap\Ej3.InstalacionNPM\node_modules\uws\src\http.h(149,39): warning C4018: '<': no coinciden signed/unsigned [C:\xampp\htdocs\Labo-III\Bootstrap\Ej3.InstalacionNPM\node_modules\uws\build\uws.vcxproj]
C:\xampp\htdocs\Labo-III\Bootstrap\Ej3.InstalacionNPM\node_modules\uws\src\http.h(150,51): error C2661: 'v8::Object::Get': ninguna funci¢n sobrecargada acepta 1 argumentos [C:\xampp\htdocs\Labo-III\Bootstrap\Ej3.InstalacionNPM\node_modules\uws\build\uws.vcxproj]
C:\xampp\htdocs\Labo-III\Bootstrap\Ej3.InstalacionNPM\node_modules\uws\src\http.h(150,51): message : al hacer coincidir la lista de argumentos '(int)' [C:\xampp\htdocs\Labo-III\Bootstrap\Ej3.InstalacionNPM\node_modules\uws\build\uws.vcxproj]
C:\xampp\htdocs\Labo-III\Bootstrap\Ej3.InstalacionNPM\node_modules\uws\src\http.h(151,59): error C2661: 'v8::Object::Get': ninguna funci¢n sobrecargada acepta 1 argumentos [C:\xampp\htdocs\Labo-III\Bootstrap\Ej3.InstalacionNPM\node_modules\uws\build\uws.vcxproj]
C:\xampp\htdocs\Labo-III\Bootstrap\Ej3.InstalacionNPM\node_modules\uws\src\http.h(151,59): message : al hacer coincidir la lista de argumentos '(v8::Local<v8::Value>)' [C:\xampp\htdocs\Labo-III\Bootstrap\Ej3.InstalacionNPM\node_modules\uws\build\uws.vcxproj]
C:\xampp\htdocs\Labo-III\Bootstrap\Ej3.InstalacionNPM\node_modules\uws\src\http.h(188,29): error C2664: 'void v8::FunctionTemplate::SetClassName(v8::Local<v8::String>)': el argumento 1 no puede convertirse de 'v8::MaybeLocal<v8::String>' a 'v8::Local<v8::String>' [C:\xampp\htdocs\Labo-III\Bootstrap\Ej3.InstalacionNPM\node_modules\uws\build\uws.vcxproj]
C:\xampp\htdocs\Labo-III\Bootstrap\Ej3.InstalacionNPM\node_modules\uws\src\http.h(188,63): message : No hay disponible ning£n operador de conversi¢n definido por el usuario que pueda realizar esta conversi¢n, o bien no se puede llamar al operador [C:\xampp\htdocs\Labo-III\Bootstrap\Ej3.InstalacionNPM\node_modules\uws\build\uws.vcxproj]
C:\Users\Ivan Fabella\AppData\Local\node-gyp\Cache\18.16.0\include\node\v8-template.h(568,8): message : vea la declaraci¢n de 'v8::FunctionTemplate::SetClassName' [C:\xampp\htdocs\Labo-III\Bootstrap\Ej3.InstalacionNPM\node_modules\uws\build\uws.vcxproj]
C:\xampp\htdocs\Labo-III\Bootstrap\Ej3.InstalacionNPM\node_modules\uws\src\http.h(188,29): message : al hacer coincidir la lista de argumentos '(v8::MaybeLocal<v8::String>)' [C:\xampp\htdocs\Labo-III\Bootstrap\Ej3.InstalacionNPM\node_modules\uws\build\uws.vcxproj]
C:\xampp\htdocs\Labo-III\Bootstrap\Ej3.InstalacionNPM\node_modules\uws\src\http.h(190,50): error C2665: 'v8::Template::Set':ninguna funci¢n sobrecargada pudo convertir todos los tipos de argumento [C:\xampp\htdocs\Labo-III\Bootstrap\Ej3.InstalacionNPM\node_modules\uws\build\uws.vcxproj]
C:\Users\Ivan Fabella\AppData\Local\node-gyp\Cache\18.16.0\include\node\v8-template.h(52,8): message : puede ser 'void v8::Template::Set(v8::Local<v8::Name>,v8::Local<v8::Data>,v8::PropertyAttribute)' [C:\xampp\htdocs\Labo-III\Bootstrap\Ej3.InstalacionNPM\node_modules\uws\build\uws.vcxproj]
C:\xampp\htdocs\Labo-III\Bootstrap\Ej3.InstalacionNPM\node_modules\uws\src\http.h(190,50): message : 'void v8::Template::Set(v8::Local<v8::Name>,v8::Local<v8::Data>,v8::PropertyAttribute)': el argumento 1 no puede convertirse de 'v8::MaybeLocal<v8::String>' a 'v8::Local<v8::Name>' [C:\xampp\htdocs\Labo-III\Bootstrap\Ej3.InstalacionNPM\node_modules\uws\build\uws.vcxproj]
C:\xampp\htdocs\Labo-III\Bootstrap\Ej3.InstalacionNPM\node_modules\uws\src\http.h(190,75): message : No hay disponible ning£n operador de conversi¢n definido por el usuario que pueda realizar esta conversi¢n, o bien no se puede llamar al operador [C:\xampp\htdocs\Labo-III\Bootstrap\Ej3.InstalacionNPM\node_modules\uws\build\uws.vcxproj]
C:\xampp\htdocs\Labo-III\Bootstrap\Ej3.InstalacionNPM\node_modules\uws\src\http.h(190,50): message : al hacer coincidir la lista de argumentos '(v8::MaybeLocal<v8::String>, v8::Local<v8::FunctionTemplate>)' [C:\xampp\htdocs\Labo-III\Bootstrap\Ej3.InstalacionNPM\node_modules\uws\build\uws.vcxproj]
C:\xampp\htdocs\Labo-III\Bootstrap\Ej3.InstalacionNPM\node_modules\uws\src\http.h(191,50): error C2665: 'v8::Template::Set':ninguna funci¢n sobrecargada pudo convertir todos los tipos de argumento [C:\xampp\htdocs\Labo-III\Bootstrap\Ej3.InstalacionNPM\node_modules\uws\build\uws.vcxproj]
C:\Users\Ivan Fabella\AppData\Local\node-gyp\Cache\18.16.0\include\node\v8-template.h(52,8): message : puede ser 'void v8::Template::Set(v8::Local<v8::Name>,v8::Local<v8::Data>,v8::PropertyAttribute)' [C:\xampp\htdocs\Labo-III\Bootstrap\Ej3.InstalacionNPM\node_modules\uws\build\uws.vcxproj]
C:\xampp\htdocs\Labo-III\Bootstrap\Ej3.InstalacionNPM\node_modules\uws\src\http.h(191,50): message : 'void v8::Template::Set(v8::Local<v8::Name>,v8::Local<v8::Data>,v8::PropertyAttribute)': el argumento 1 no puede convertirse de 'v8::MaybeLocal<v8::String>' a 'v8::Local<v8::Name>' [C:\xampp\htdocs\Labo-III\Bootstrap\Ej3.InstalacionNPM\node_modules\uws\build\uws.vcxproj]
C:\xampp\htdocs\Labo-III\Bootstrap\Ej3.InstalacionNPM\node_modules\uws\src\http.h(191,75): message : No hay disponible ning£n operador de conversi¢n definido por el usuario que pueda realizar esta conversi¢n, o bien no se puede llamar al operador [C:\xampp\htdocs\Labo-III\Bootstrap\Ej3.InstalacionNPM\node_modules\uws\build\uws.vcxproj]
C:\xampp\htdocs\Labo-III\Bootstrap\Ej3.InstalacionNPM\node_modules\uws\src\http.h(191,50): message : al hacer coincidir la lista de argumentos '(v8::MaybeLocal<v8::String>, v8::Local<v8::FunctionTemplate>)' [C:\xampp\htdocs\Labo-III\Bootstrap\Ej3.InstalacionNPM\node_modules\uws\build\uws.vcxproj]
C:\xampp\htdocs\Labo-III\Bootstrap\Ej3.InstalacionNPM\node_modules\uws\src\http.h(192,50): error C2665: 'v8::Template::Set':ninguna funci¢n sobrecargada pudo convertir todos los tipos de argumento [C:\xampp\htdocs\Labo-III\Bootstrap\Ej3.InstalacionNPM\node_modules\uws\build\uws.vcxproj]
C:\Users\Ivan Fabella\AppData\Local\node-gyp\Cache\18.16.0\include\node\v8-template.h(52,8): message : puede ser 'void v8::Template::Set(v8::Local<v8::Name>,v8::Local<v8::Data>,v8::PropertyAttribute)' [C:\xampp\htdocs\Labo-III\Bootstrap\Ej3.InstalacionNPM\node_modules\uws\build\uws.vcxproj]
C:\xampp\htdocs\Labo-III\Bootstrap\Ej3.InstalacionNPM\node_modules\uws\src\http.h(192,50): message : 'void v8::Template::Set(v8::Local<v8::Name>,v8::Local<v8::Data>,v8::PropertyAttribute)': el argumento 1 no puede convertirse de 'v8::MaybeLocal<v8::String>' a 'v8::Local<v8::Name>' [C:\xampp\htdocs\Labo-III\Bootstrap\Ej3.InstalacionNPM\node_modules\uws\build\uws.vcxproj]
C:\xampp\htdocs\Labo-III\Bootstrap\Ej3.InstalacionNPM\node_modules\uws\src\http.h(192,75): message : No hay disponible ning£n operador de conversi¢n definido por el usuario que pueda realizar esta conversi¢n, o bien no se puede llamar al operador [C:\xampp\htdocs\Labo-III\Bootstrap\Ej3.InstalacionNPM\node_modules\uws\build\uws.vcxproj]
C:\xampp\htdocs\Labo-III\Bootstrap\Ej3.InstalacionNPM\node_modules\uws\src\http.h(192,50): message : al hacer coincidir la lista de argumentos '(v8::MaybeLocal<v8::String>, v8::Local<v8::FunctionTemplate>)' [C:\xampp\htdocs\Labo-III\Bootstrap\Ej3.InstalacionNPM\node_modules\uws\build\uws.vcxproj]
C:\xampp\htdocs\Labo-III\Bootstrap\Ej3.InstalacionNPM\node_modules\uws\src\http.h(193,50): error C2665: 'v8::Template::Set':ninguna funci¢n sobrecargada pudo convertir todos los tipos de argumento [C:\xampp\htdocs\Labo-III\Bootstrap\Ej3.InstalacionNPM\node_modules\uws\build\uws.vcxproj]
C:\Users\Ivan Fabella\AppData\Local\node-gyp\Cache\18.16.0\include\node\v8-template.h(52,8): message : puede ser 'void v8::Template::Set(v8::Local<v8::Name>,v8::Local<v8::Data>,v8::PropertyAttribute)' [C:\xampp\htdocs\Labo-III\Bootstrap\Ej3.InstalacionNPM\node_modules\uws\build\uws.vcxproj]
C:\xampp\htdocs\Labo-III\Bootstrap\Ej3.InstalacionNPM\node_modules\uws\src\http.h(193,50): message : 'void v8::Template::Set(v8::Local<v8::Name>,v8::Local<v8::Data>,v8::PropertyAttribute)': el argumento 1 no puede convertirse de 'v8::MaybeLocal<v8::String>' a 'v8::Local<v8::Name>' [C:\xampp\htdocs\Labo-III\Bootstrap\Ej3.InstalacionNPM\node_modules\uws\build\uws.vcxproj]
C:\xampp\htdocs\Labo-III\Bootstrap\Ej3.InstalacionNPM\node_modules\uws\src\http.h(193,75): message : No hay disponible ning£n operador de conversi¢n definido por el usuario que pueda realizar esta conversi¢n, o bien no se puede llamar al operador [C:\xampp\htdocs\Labo-III\Bootstrap\Ej3.InstalacionNPM\node_modules\uws\build\uws.vcxproj]
C:\xampp\htdocs\Labo-III\Bootstrap\Ej3.InstalacionNPM\node_modules\uws\src\http.h(193,50): message : al hacer coincidir la lista de argumentos '(v8::MaybeLocal<v8::String>, v8::Local<v8::FunctionTemplate>)' [C:\xampp\htdocs\Labo-III\Bootstrap\Ej3.InstalacionNPM\node_modules\uws\build\uws.vcxproj]
C:\xampp\htdocs\Labo-III\Bootstrap\Ej3.InstalacionNPM\node_modules\uws\src\http.h(194,50): error C2665: 'v8::Template::Set':ninguna funci¢n sobrecargada pudo convertir todos los tipos de argumento [C:\xampp\htdocs\Labo-III\Bootstrap\Ej3.InstalacionNPM\node_modules\uws\build\uws.vcxproj]
C:\Users\Ivan Fabella\AppData\Local\node-gyp\Cache\18.16.0\include\node\v8-template.h(52,8): message : puede ser 'void v8::Template::Set(v8::Local<v8::Name>,v8::Local<v8::Data>,v8::PropertyAttribute)' [C:\xampp\htdocs\Labo-III\Bootstrap\Ej3.InstalacionNPM\node_modules\uws\build\uws.vcxproj]
C:\xampp\htdocs\Labo-III\Bootstrap\Ej3.InstalacionNPM\node_modules\uws\src\http.h(194,50): message : 'void v8::Template::Set(v8::Local<v8::Name>,v8::Local<v8::Data>,v8::PropertyAttribute)': el argumento 1 no puede convertirse de 'v8::MaybeLocal<v8::String>' a 'v8::Local<v8::Name>' [C:\xampp\htdocs\Labo-III\Bootstrap\Ej3.InstalacionNPM\node_modules\uws\build\uws.vcxproj]
C:\xampp\htdocs\Labo-III\Bootstrap\Ej3.InstalacionNPM\node_modules\uws\src\http.h(194,75): message : No hay disponible ning£n operador de conversi¢n definido por el usuario que pueda realizar esta conversi¢n, o bien no se puede llamar al operador [C:\xampp\htdocs\Labo-III\Bootstrap\Ej3.InstalacionNPM\node_modules\uws\build\uws.vcxproj]
C:\xampp\htdocs\Labo-III\Bootstrap\Ej3.InstalacionNPM\node_modules\uws\src\http.h(194,50): message : al hacer coincidir la lista de argumentos '(v8::MaybeLocal<v8::String>, v8::Local<v8::FunctionTemplate>)' [C:\xampp\htdocs\Labo-III\Bootstrap\Ej3.InstalacionNPM\node_modules\uws\build\uws.vcxproj]
C:\xampp\htdocs\Labo-III\Bootstrap\Ej3.InstalacionNPM\node_modules\uws\src\http.h(195,50): error C2665: 'v8::Template::Set':ninguna funci¢n sobrecargada pudo convertir todos los tipos de argumento [C:\xampp\htdocs\Labo-III\Bootstrap\Ej3.InstalacionNPM\node_modules\uws\build\uws.vcxproj]
C:\Users\Ivan Fabella\AppData\Local\node-gyp\Cache\18.16.0\include\node\v8-template.h(52,8): message : puede ser 'void v8::Template::Set(v8::Local<v8::Name>,v8::Local<v8::Data>,v8::PropertyAttribute)' [C:\xampp\htdocs\Labo-III\Bootstrap\Ej3.InstalacionNPM\node_modules\uws\build\uws.vcxproj]
C:\xampp\htdocs\Labo-III\Bootstrap\Ej3.InstalacionNPM\node_modules\uws\src\http.h(195,50): message : 'void v8::Template::Set(v8::Local<v8::Name>,v8::Local<v8::Data>,v8::PropertyAttribute)': el argumento 1 no puede convertirse de 'v8::MaybeLocal<v8::String>' a 'v8::Local<v8::Name>' [C:\xampp\htdocs\Labo-III\Bootstrap\Ej3.InstalacionNPM\node_modules\uws\build\uws.vcxproj]
C:\xampp\htdocs\Labo-III\Bootstrap\Ej3.InstalacionNPM\node_modules\uws\src\http.h(195,75): message : No hay disponible ning£n operador de conversi¢n definido por el usuario que pueda realizar esta conversi¢n, o bien no se puede llamar al operador [C:\xampp\htdocs\Labo-III\Bootstrap\Ej3.InstalacionNPM\node_modules\uws\build\uws.vcxproj]
C:\xampp\htdocs\Labo-III\Bootstrap\Ej3.InstalacionNPM\node_modules\uws\src\http.h(195,50): message : al hacer coincidir la lista de argumentos '(v8::MaybeLocal<v8::String>, v8::Local<v8::FunctionTemplate>)' [C:\xampp\htdocs\Labo-III\Bootstrap\Ej3.InstalacionNPM\node_modules\uws\build\uws.vcxproj]
C:\xampp\htdocs\Labo-III\Bootstrap\Ej3.InstalacionNPM\node_modules\uws\src\http.h(196,36): error C2660: 'v8::FunctionTemplate::GetFunction': la funci¢n no acepta 0 argumentos [C:\xampp\htdocs\Labo-III\Bootstrap\Ej3.InstalacionNPM\node_modules\uws\build\uws.vcxproj]
C:\Users\Ivan Fabella\AppData\Local\node-gyp\Cache\18.16.0\include\node\v8-template.h(513,46): message : vea la declaraci¢n de 'v8::FunctionTemplate::GetFunction' [C:\xampp\htdocs\Labo-III\Bootstrap\Ej3.InstalacionNPM\node_modules\uws\build\uws.vcxproj]
C:\xampp\htdocs\Labo-III\Bootstrap\Ej3.InstalacionNPM\node_modules\uws\src\http.h(196,36): message : al hacer coincidir la lista de argumentos '()' [C:\xampp\htdocs\Labo-III\Bootstrap\Ej3.InstalacionNPM\node_modules\uws\build\uws.vcxproj]
C:\xampp\htdocs\Labo-III\Bootstrap\Ej3.InstalacionNPM\node_modules\uws\src\http.h(226,1): warning C4312: 'conversi¢n de tipo': conversi¢n de 'long' a 'void *' de mayor tama¤o [C:\xampp\htdocs\Labo-III\Bootstrap\Ej3.InstalacionNPM\node_modules\uws\build\uws.vcxproj]
C:\xampp\htdocs\Labo-III\Bootstrap\Ej3.InstalacionNPM\node_modules\uws\src\http.h(227,116): error C2039: "kNormalString": no es un miembro de "v8::String" [C:\xampp\htdocs\Labo-III\Bootstrap\Ej3.InstalacionNPM\node_modules\uws\build\uws.vcxproj]
C:\Users\Ivan Fabella\AppData\Local\node-gyp\Cache\18.16.0\include\node\v8-value-serializer.h(23,7): message : vea la declaraci¢n de 'v8::String' [C:\xampp\htdocs\Labo-III\Bootstrap\Ej3.InstalacionNPM\node_modules\uws\build\uws.vcxproj]
C:\xampp\htdocs\Labo-III\Bootstrap\Ej3.InstalacionNPM\node_modules\uws\src\http.h(227,1): error C2065: 'kNormalString': identificador no declarado [C:\xampp\htdocs\Labo-III\Bootstrap\Ej3.InstalacionNPM\node_modules\uws\build\uws.vcxproj]
C:\xampp\htdocs\Labo-III\Bootstrap\Ej3.InstalacionNPM\node_modules\uws\src\http.h(227,22): error C2660: 'v8::Object::SetInternalField': la funci¢n no acepta 1 argumentos [C:\xampp\htdocs\Labo-III\Bootstrap\Ej3.InstalacionNPM\node_modules\uws\build\uws.vcxproj]
C:\Users\Ivan Fabella\AppData\Local\node-gyp\Cache\18.16.0\include\node\v8-object.h(481,8): message : vea la declaraci¢n de 'v8::Object::SetInternalField' [C:\xampp\htdocs\Labo-III\Bootstrap\Ej3.InstalacionNPM\node_modules\uws\build\uws.vcxproj]
C:\xampp\htdocs\Labo-III\Bootstrap\Ej3.InstalacionNPM\node_modules\uws\src\http.h(227,22): message : al hacer coincidir la lista de argumentos '(int)' [C:\xampp\htdocs\Labo-III\Bootstrap\Ej3.InstalacionNPM\node_modules\uws\build\uws.vcxproj]
C:\xampp\htdocs\Labo-III\Bootstrap\Ej3.InstalacionNPM\node_modules\uws\src\http.h(230,64): error C2660: 'v8::Function::Call': la funci¢n no acepta 3 argumentos [C:\xampp\htdocs\Labo-III\Bootstrap\Ej3.InstalacionNPM\node_modules\uws\build\uws.vcxproj]
C:\Users\Ivan Fabella\AppData\Local\node-gyp\Cache\18.16.0\include\node\v8-function.h(55,43): message : vea la declaraci¢n de 'v8::Function::Call' [C:\xampp\htdocs\Labo-III\Bootstrap\Ej3.InstalacionNPM\node_modules\uws\build\uws.vcxproj]
C:\xampp\htdocs\Labo-III\Bootstrap\Ej3.InstalacionNPM\node_modules\uws\src\http.h(230,64): message : al hacer coincidir la lista de argumentos '(v8::Local<v8::Object>, int, v8::Local<v8::Value> [2])' [C:\xampp\htdocs\Labo-III\Bootstrap\Ej3.InstalacionNPM\node_modules\uws\build\uws.vcxproj]
C:\xampp\htdocs\Labo-III\Bootstrap\Ej3.InstalacionNPM\node_modules\uws\src\http.h(235,57): error C2661: 'v8::ArrayBuffer::New': ninguna funci¢n sobrecargada acepta 3 argumentos [C:\xampp\htdocs\Labo-III\Bootstrap\Ej3.InstalacionNPM\node_modules\uws\build\uws.vcxproj]
C:\xampp\htdocs\Labo-III\Bootstrap\Ej3.InstalacionNPM\node_modules\uws\src\http.h(235,57): message : al hacer coincidir la lista de argumentos '(v8::Isolate *const , char *, size_t)' [C:\xampp\htdocs\Labo-III\Bootstrap\Ej3.InstalacionNPM\node_modules\uws\build\uws.vcxproj]
C:\xampp\htdocs\Labo-III\Bootstrap\Ej3.InstalacionNPM\node_modules\uws\src\http.h(235,34): error C2466: no se puede asignar una matriz de tama¤o constante 0 [C:\xampp\htdocs\Labo-III\Bootstrap\Ej3.InstalacionNPM\node_modules\uws\build\uws.vcxproj]
C:\xampp\htdocs\Labo-III\Bootstrap\Ej3.InstalacionNPM\node_modules\uws\src\http.h(236,56): error C2660: 'v8::Function::Call': la funci¢n no acepta 3 argumentos [C:\xampp\htdocs\Labo-III\Bootstrap\Ej3.InstalacionNPM\node_modules\uws\build\uws.vcxproj]
C:\Users\Ivan Fabella\AppData\Local\node-gyp\Cache\18.16.0\include\node\v8-function.h(55,43): message : vea la declaraci¢n de 'v8::Function::Call' [C:\xampp\htdocs\Labo-III\Bootstrap\Ej3.InstalacionNPM\node_modules\uws\build\uws.vcxproj]
C:\xampp\htdocs\Labo-III\Bootstrap\Ej3.InstalacionNPM\node_modules\uws\src\http.h(236,56): message : al hacer coincidir la lista de argumentos '(v8::Local<v8::Object>, int, v8::Local<v8::Value> [1])' [C:\xampp\htdocs\Labo-III\Bootstrap\Ej3.InstalacionNPM\node_modules\uws\build\uws.vcxproj]
C:\xampp\htdocs\Labo-III\Bootstrap\Ej3.InstalacionNPM\node_modules\uws\src\http.h(242,59): error C2660: 'v8::Function::Call': la funci¢n no acepta 3 argumentos [C:\xampp\htdocs\Labo-III\Bootstrap\Ej3.InstalacionNPM\node_modules\uws\build\uws.vcxproj]
C:\Users\Ivan Fabella\AppData\Local\node-gyp\Cache\18.16.0\include\node\v8-function.h(55,43): message : vea la declaraci¢n de 'v8::Function::Call' [C:\xampp\htdocs\Labo-III\Bootstrap\Ej3.InstalacionNPM\node_modules\uws\build\uws.vcxproj]
C:\xampp\htdocs\Labo-III\Bootstrap\Ej3.InstalacionNPM\node_modules\uws\src\http.h(242,59): message : al hacer coincidir la lista de argumentos '(v8::Local<v8::Object>, int, nullptr)' [C:\xampp\htdocs\Labo-III\Bootstrap\Ej3.InstalacionNPM\node_modules\uws\build\uws.vcxproj]
C:\xampp\htdocs\Labo-III\Bootstrap\Ej3.InstalacionNPM\node_modules\uws\src\http.h(265,53): error C2660: 'v8::Function::Call': la funci¢n no acepta 3 argumentos [C:\xampp\htdocs\Labo-III\Bootstrap\Ej3.InstalacionNPM\node_modules\uws\build\uws.vcxproj]
C:\Users\Ivan Fabella\AppData\Local\node-gyp\Cache\18.16.0\include\node\v8-function.h(55,43): message : vea la declaraci¢n de 'v8::Function::Call' [C:\xampp\htdocs\Labo-III\Bootstrap\Ej3.InstalacionNPM\node_modules\uws\build\uws.vcxproj]
C:\xampp\htdocs\Labo-III\Bootstrap\Ej3.InstalacionNPM\node_modules\uws\src\http.h(265,53): message : al hacer coincidir la lista de argumentos '(v8::Local<v8::Object>, int, nullptr)' [C:\xampp\htdocs\Labo-III\Bootstrap\Ej3.InstalacionNPM\node_modules\uws\build\uws.vcxproj]
C:\xampp\htdocs\Labo-III\Bootstrap\Ej3.InstalacionNPM\node_modules\uws\src\http.h(279,53): error C2661: 'v8::ArrayBuffer::New': ninguna funci¢n sobrecargada acepta 3 argumentos [C:\xampp\htdocs\Labo-III\Bootstrap\Ej3.InstalacionNPM\node_modules\uws\build\uws.vcxproj]
C:\xampp\htdocs\Labo-III\Bootstrap\Ej3.InstalacionNPM\node_modules\uws\src\http.h(279,53): message : al hacer coincidir la lista de argumentos '(v8::Isolate *const , char *, size_t)' [C:\xampp\htdocs\Labo-III\Bootstrap\Ej3.InstalacionNPM\node_modules\uws\build\uws.vcxproj]
C:\xampp\htdocs\Labo-III\Bootstrap\Ej3.InstalacionNPM\node_modules\uws\src\http.h(279,30): error C2466: no se puede asignar una matriz de tama¤o constante 0 [C:\xampp\htdocs\Labo-III\Bootstrap\Ej3.InstalacionNPM\node_modules\uws\build\uws.vcxproj]
C:\xampp\htdocs\Labo-III\Bootstrap\Ej3.InstalacionNPM\node_modules\uws\src\http.h(280,52): error C2660: 'v8::Function::Call': la funci¢n no acepta 3 argumentos [C:\xampp\htdocs\Labo-III\Bootstrap\Ej3.InstalacionNPM\node_modules\uws\build\uws.vcxproj]
C:\Users\Ivan Fabella\AppData\Local\node-gyp\Cache\18.16.0\include\node\v8-function.h(55,43): message : vea la declaraci¢n de 'v8::Function::Call' [C:\xampp\htdocs\Labo-III\Bootstrap\Ej3.InstalacionNPM\node_modules\uws\build\uws.vcxproj]
C:\xampp\htdocs\Labo-III\Bootstrap\Ej3.InstalacionNPM\node_modules\uws\src\http.h(280,52): message : al hacer coincidir la lista de argumentos '(v8::Local<v8::Object>, int, v8::Local<v8::Value> [1])' [C:\xampp\htdocs\Labo-III\Bootstrap\Ej3.InstalacionNPM\node_modules\uws\build\uws.vcxproj]
C:\xampp\htdocs\Labo-III\Bootstrap\Ej3.InstalacionNPM\node_modules\uws\src\http.h(286,55): error C2660: 'v8::Function::Call': la funci¢n no acepta 3 argumentos [C:\xampp\htdocs\Labo-III\Bootstrap\Ej3.InstalacionNPM\node_modules\uws\build\uws.vcxproj]
C:\Users\Ivan Fabella\AppData\Local\node-gyp\Cache\18.16.0\include\node\v8-function.h(55,43): message : vea la declaraci¢n de 'v8::Function::Call' [C:\xampp\htdocs\Labo-III\Bootstrap\Ej3.InstalacionNPM\node_modules\uws\build\uws.vcxproj]
C:\xampp\htdocs\Labo-III\Bootstrap\Ej3.InstalacionNPM\node_modules\uws\src\http.h(286,55): message : al hacer coincidir la lista de argumentos '(v8::Local<v8::Object>, int, nullptr)' [C:\xampp\htdocs\Labo-III\Bootstrap\Ej3.InstalacionNPM\node_modules\uws\build\uws.vcxproj]
C:\xampp\htdocs\Labo-III\Bootstrap\Ej3.InstalacionNPM\node_modules\uws\src\http.h(293,108): error C2661: 'v8::Function::NewInstance': ninguna funci¢n sobrecargada acepta 0 argumentos [C:\xampp\htdocs\Labo-III\Bootstrap\Ej3.InstalacionNPM\node_modules\uws\build\uws.vcxproj]
C:\xampp\htdocs\Labo-III\Bootstrap\Ej3.InstalacionNPM\node_modules\uws\src\http.h(293,108): message : al hacer coincidir la lista de argumentos '()' [C:\xampp\htdocs\Labo-III\Bootstrap\Ej3.InstalacionNPM\node_modules\uws\build\uws.vcxproj]
C:\xampp\htdocs\Labo-III\Bootstrap\Ej3.InstalacionNPM\node_modules\uws\src\http.h(308,54): error C2660: 'v8::Value::IntegerValue': la funci¢n no acepta 0 argumentos [C:\xampp\htdocs\Labo-III\Bootstrap\Ej3.InstalacionNPM\node_modules\uws\build\uws.vcxproj]
C:\Users\Ivan Fabella\AppData\Local\node-gyp\Cache\18.16.0\include\node\v8-value.h(413,40): message : vea la declaraci¢n de 'v8::Value::IntegerValue' [C:\xampp\htdocs\Labo-III\Bootstrap\Ej3.InstalacionNPM\node_modules\uws\build\uws.vcxproj]
C:\xampp\htdocs\Labo-III\Bootstrap\Ej3.InstalacionNPM\node_modules\uws\src\http.h(308,54): message : al hacer coincidir la lista de argumentos '()' [C:\xampp\htdocs\Labo-III\Bootstrap\Ej3.InstalacionNPM\node_modules\uws\build\uws.vcxproj]
C:\xampp\htdocs\Labo-III\Bootstrap\Ej3.InstalacionNPM\node_modules\uws\src\http.h(311,59): error C2660: 'v8::Function::Call': la funci¢n no acepta 3 argumentos [C:\xampp\htdocs\Labo-III\Bootstrap\Ej3.InstalacionNPM\node_modules\uws\build\uws.vcxproj]
C:\Users\Ivan Fabella\AppData\Local\node-gyp\Cache\18.16.0\include\node\v8-function.h(55,43): message : vea la declaraci¢n de 'v8::Function::Call' [C:\xampp\htdocs\Labo-III\Bootstrap\Ej3.InstalacionNPM\node_modules\uws\build\uws.vcxproj]
C:\xampp\htdocs\Labo-III\Bootstrap\Ej3.InstalacionNPM\node_modules\uws\src\http.h(311,59): message : al hacer coincidir la lista de argumentos '(v8::Local<v8::Object>, int, nullptr)' [C:\xampp\htdocs\Labo-III\Bootstrap\Ej3.InstalacionNPM\node_modules\uws\build\uws.vcxproj]
C:\xampp\htdocs\Labo-III\Bootstrap\Ej3.InstalacionNPM\node_modules\uws\src\http.h(320,20): error C2661: 'v8::Object::Get': ninguna funci¢n sobrecargada acepta 1 argumentos [C:\xampp\htdocs\Labo-III\Bootstrap\Ej3.InstalacionNPM\node_modules\uws\build\uws.vcxproj]
C:\xampp\htdocs\Labo-III\Bootstrap\Ej3.InstalacionNPM\node_modules\uws\src\http.h(320,20): message : al hacer coincidir la lista de argumentos '(v8::MaybeLocal<v8::String>)' [C:\xampp\htdocs\Labo-III\Bootstrap\Ej3.InstalacionNPM\node_modules\uws\build\uws.vcxproj]
C:\xampp\htdocs\Labo-III\Bootstrap\Ej3.InstalacionNPM\node_modules\uws\src\http.h(321,20): error C2661: 'v8::Object::Get': ninguna funci¢n sobrecargada acepta 1 argumentos [C:\xampp\htdocs\Labo-III\Bootstrap\Ej3.InstalacionNPM\node_modules\uws\build\uws.vcxproj]
C:\xampp\htdocs\Labo-III\Bootstrap\Ej3.InstalacionNPM\node_modules\uws\src\http.h(321,20): message : al hacer coincidir la lista de argumentos '(v8::MaybeLocal<v8::String>)' [C:\xampp\htdocs\Labo-III\Bootstrap\Ej3.InstalacionNPM\node_modules\uws\build\uws.vcxproj]
C:\xampp\htdocs\Labo-III\Bootstrap\Ej3.InstalacionNPM\node_modules\uws\src\http.h(327,46): error C2661: 'v8::Function::NewInstance': ninguna funci¢n sobrecargada acepta 0 argumentos [C:\xampp\htdocs\Labo-III\Bootstrap\Ej3.InstalacionNPM\node_modules\uws\build\uws.vcxproj]
C:\xampp\htdocs\Labo-III\Bootstrap\Ej3.InstalacionNPM\node_modules\uws\src\http.h(327,46): message : al hacer coincidir la lista de argumentos '()' [C:\xampp\htdocs\Labo-III\Bootstrap\Ej3.InstalacionNPM\node_modules\uws\build\uws.vcxproj]
C:\xampp\htdocs\Labo-III\Bootstrap\Ej3.InstalacionNPM\node_modules\uws\src\http.h(343,19): error C2665: 'v8::Template::Set':ninguna funci¢n sobrecargada pudo convertir todos los tipos de argumento [C:\xampp\htdocs\Labo-III\Bootstrap\Ej3.InstalacionNPM\node_modules\uws\build\uws.vcxproj]
C:\Users\Ivan Fabella\AppData\Local\node-gyp\Cache\18.16.0\include\node\v8-template.h(52,8): message : puede ser 'void v8::Template::Set(v8::Local<v8::Name>,v8::Local<v8::Data>,v8::PropertyAttribute)' [C:\xampp\htdocs\Labo-III\Bootstrap\Ej3.InstalacionNPM\node_modules\uws\build\uws.vcxproj]
C:\xampp\htdocs\Labo-III\Bootstrap\Ej3.InstalacionNPM\node_modules\uws\src\http.h(343,19): message : 'void v8::Template::Set(v8::Local<v8::Name>,v8::Local<v8::Data>,v8::PropertyAttribute)': el argumento 1 no puede convertirse de 'v8::MaybeLocal<v8::String>' a 'v8::Local<v8::Name>' [C:\xampp\htdocs\Labo-III\Bootstrap\Ej3.InstalacionNPM\node_modules\uws\build\uws.vcxproj]
C:\xampp\htdocs\Labo-III\Bootstrap\Ej3.InstalacionNPM\node_modules\uws\src\http.h(343,44): message : No hay disponible ning£n operador de conversi¢n definido por el usuario que pueda realizar esta conversi¢n, o bien no se puede llamar al operador [C:\xampp\htdocs\Labo-III\Bootstrap\Ej3.InstalacionNPM\node_modules\uws\build\uws.vcxproj]
C:\xampp\htdocs\Labo-III\Bootstrap\Ej3.InstalacionNPM\node_modules\uws\src\http.h(343,19): message : al hacer coincidir la lista de argumentos '(v8::MaybeLocal<v8::String>, v8::Local<v8::FunctionTemplate>)' [C:\xampp\htdocs\Labo-III\Bootstrap\Ej3.InstalacionNPM\node_modules\uws\build\uws.vcxproj]
C:\xampp\htdocs\Labo-III\Bootstrap\Ej3.InstalacionNPM\node_modules\uws\src\http.h(344,19): error C2665: 'v8::Template::Set':ninguna funci¢n sobrecargada pudo convertir todos los tipos de argumento [C:\xampp\htdocs\Labo-III\Bootstrap\Ej3.InstalacionNPM\node_modules\uws\build\uws.vcxproj]
C:\Users\Ivan Fabella\AppData\Local\node-gyp\Cache\18.16.0\include\node\v8-template.h(52,8): message : puede ser 'void v8::Template::Set(v8::Local<v8::Name>,v8::Local<v8::Data>,v8::PropertyAttribute)' [C:\xampp\htdocs\Labo-III\Bootstrap\Ej3.InstalacionNPM\node_modules\uws\build\uws.vcxproj]
C:\xampp\htdocs\Labo-III\Bootstrap\Ej3.InstalacionNPM\node_modules\uws\src\http.h(344,19): message : 'void v8::Template::Set(v8::Local<v8::Name>,v8::Local<v8::Data>,v8::PropertyAttribute)': el argumento 1 no puede convertirse de 'v8::MaybeLocal<v8::String>' a 'v8::Local<v8::Name>' [C:\xampp\htdocs\Labo-III\Bootstrap\Ej3.InstalacionNPM\node_modules\uws\build\uws.vcxproj]
C:\xampp\htdocs\Labo-III\Bootstrap\Ej3.InstalacionNPM\node_modules\uws\src\http.h(344,44): message : No hay disponible ning£n operador de conversi¢n definido por el usuario que pueda realizar esta conversi¢n, o bien no se puede llamar al operador [C:\xampp\htdocs\Labo-III\Bootstrap\Ej3.InstalacionNPM\node_modules\uws\build\uws.vcxproj]
C:\xampp\htdocs\Labo-III\Bootstrap\Ej3.InstalacionNPM\node_modules\uws\src\http.h(344,19): message : al hacer coincidir la lista de argumentos '(v8::MaybeLocal<v8::String>, v8::Local<v8::FunctionTemplate>)' [C:\xampp\htdocs\Labo-III\Bootstrap\Ej3.InstalacionNPM\node_modules\uws\build\uws.vcxproj]
C:\xampp\htdocs\Labo-III\Bootstrap\Ej3.InstalacionNPM\node_modules\uws\src\http.h(345,19): error C2665: 'v8::Template::Set':ninguna funci¢n sobrecargada pudo convertir todos los tipos de argumento [C:\xampp\htdocs\Labo-III\Bootstrap\Ej3.InstalacionNPM\node_modules\uws\build\uws.vcxproj]
C:\Users\Ivan Fabella\AppData\Local\node-gyp\Cache\18.16.0\include\node\v8-template.h(52,8): message : puede ser 'void v8::Template::Set(v8::Local<v8::Name>,v8::Local<v8::Data>,v8::PropertyAttribute)' [C:\xampp\htdocs\Labo-III\Bootstrap\Ej3.InstalacionNPM\node_modules\uws\build\uws.vcxproj]
C:\xampp\htdocs\Labo-III\Bootstrap\Ej3.InstalacionNPM\node_modules\uws\src\http.h(345,19): message : 'void v8::Template::Set(v8::Local<v8::Name>,v8::Local<v8::Data>,v8::PropertyAttribute)': el argumento 1 no puede convertirse de 'v8::MaybeLocal<v8::String>' a 'v8::Local<v8::Name>' [C:\xampp\htdocs\Labo-III\Bootstrap\Ej3.InstalacionNPM\node_modules\uws\build\uws.vcxproj]
C:\xampp\htdocs\Labo-III\Bootstrap\Ej3.InstalacionNPM\node_modules\uws\src\http.h(345,44): message : No hay disponible ning£n operador de conversi¢n definido por el usuario que pueda realizar esta conversi¢n, o bien no se puede llamar al operador [C:\xampp\htdocs\Labo-III\Bootstrap\Ej3.InstalacionNPM\node_modules\uws\build\uws.vcxproj]
C:\xampp\htdocs\Labo-III\Bootstrap\Ej3.InstalacionNPM\node_modules\uws\src\http.h(345,19): message : al hacer coincidir la lista de argumentos '(v8::MaybeLocal<v8::String>, v8::Local<v8::FunctionTemplate>)' [C:\xampp\htdocs\Labo-III\Bootstrap\Ej3.InstalacionNPM\node_modules\uws\build\uws.vcxproj]
C:\xampp\htdocs\Labo-III\Bootstrap\Ej3.InstalacionNPM\node_modules\uws\src\http.h(346,19): error C2665: 'v8::Template::Set':ninguna funci¢n sobrecargada pudo convertir todos los tipos de argumento [C:\xampp\htdocs\Labo-III\Bootstrap\Ej3.InstalacionNPM\node_modules\uws\build\uws.vcxproj]
C:\Users\Ivan Fabella\AppData\Local\node-gyp\Cache\18.16.0\include\node\v8-template.h(52,8): message : puede ser 'void v8::Template::Set(v8::Local<v8::Name>,v8::Local<v8::Data>,v8::PropertyAttribute)' [C:\xampp\htdocs\Labo-III\Bootstrap\Ej3.InstalacionNPM\node_modules\uws\build\uws.vcxproj]
C:\xampp\htdocs\Labo-III\Bootstrap\Ej3.InstalacionNPM\node_modules\uws\src\http.h(346,19): message : 'void v8::Template::Set(v8::Local<v8::Name>,v8::Local<v8::Data>,v8::PropertyAttribute)': el argumento 1 no puede convertirse de 'v8::MaybeLocal<v8::String>' a 'v8::Local<v8::Name>' [C:\xampp\htdocs\Labo-III\Bootstrap\Ej3.InstalacionNPM\node_modules\uws\build\uws.vcxproj]
C:\xampp\htdocs\Labo-III\Bootstrap\Ej3.InstalacionNPM\node_modules\uws\src\http.h(346,44): message : No hay disponible ning£n operador de conversi¢n definido por el usuario que pueda realizar esta conversi¢n, o bien no se puede llamar al operador [C:\xampp\htdocs\Labo-III\Bootstrap\Ej3.InstalacionNPM\node_modules\uws\build\uws.vcxproj]
C:\xampp\htdocs\Labo-III\Bootstrap\Ej3.InstalacionNPM\node_modules\uws\src\http.h(346,19): message : al hacer coincidir la lista de argumentos '(v8::MaybeLocal<v8::String>, v8::Local<v8::FunctionTemplate>)' [C:\xampp\htdocs\Labo-III\Bootstrap\Ej3.InstalacionNPM\node_modules\uws\build\uws.vcxproj]
C:\xampp\htdocs\Labo-III\Bootstrap\Ej3.InstalacionNPM\node_modules\uws\src\http.h(347,40): error C2665: 'v8::Template::Set':ninguna funci¢n sobrecargada pudo convertir todos los tipos de argumento [C:\xampp\htdocs\Labo-III\Bootstrap\Ej3.InstalacionNPM\node_modules\uws\build\uws.vcxproj]
C:\Users\Ivan Fabella\AppData\Local\node-gyp\Cache\18.16.0\include\node\v8-template.h(52,8): message : puede ser 'void v8::Template::Set(v8::Local<v8::Name>,v8::Local<v8::Data>,v8::PropertyAttribute)' [C:\xampp\htdocs\Labo-III\Bootstrap\Ej3.InstalacionNPM\node_modules\uws\build\uws.vcxproj]
C:\xampp\htdocs\Labo-III\Bootstrap\Ej3.InstalacionNPM\node_modules\uws\src\http.h(347,40): message : 'void v8::Template::Set(v8::Local<v8::Name>,v8::Local<v8::Data>,v8::PropertyAttribute)': el argumento 1 no puede convertirse de 'v8::MaybeLocal<v8::String>' a 'v8::Local<v8::Name>' [C:\xampp\htdocs\Labo-III\Bootstrap\Ej3.InstalacionNPM\node_modules\uws\build\uws.vcxproj]
C:\xampp\htdocs\Labo-III\Bootstrap\Ej3.InstalacionNPM\node_modules\uws\src\http.h(347,65): message : No hay disponible ning£n operador de conversi¢n definido por el usuario que pueda realizar esta conversi¢n, o bien no se puede llamar al operador [C:\xampp\htdocs\Labo-III\Bootstrap\Ej3.InstalacionNPM\node_modules\uws\build\uws.vcxproj]
C:\xampp\htdocs\Labo-III\Bootstrap\Ej3.InstalacionNPM\node_modules\uws\src\http.h(347,40): message : al hacer coincidir la lista de argumentos '(v8::MaybeLocal<v8::String>, v8::Local<v8::FunctionTemplate>)' [C:\xampp\htdocs\Labo-III\Bootstrap\Ej3.InstalacionNPM\node_modules\uws\build\uws.vcxproj]
C:\xampp\htdocs\Labo-III\Bootstrap\Ej3.InstalacionNPM\node_modules\uws\src\http.h(348,40): error C2665: 'v8::Template::Set':ninguna funci¢n sobrecargada pudo convertir todos los tipos de argumento [C:\xampp\htdocs\Labo-III\Bootstrap\Ej3.InstalacionNPM\node_modules\uws\build\uws.vcxproj]
C:\Users\Ivan Fabella\AppData\Local\node-gyp\Cache\18.16.0\include\node\v8-template.h(52,8): message : puede ser 'void v8::Template::Set(v8::Local<v8::Name>,v8::Local<v8::Data>,v8::PropertyAttribute)' [C:\xampp\htdocs\Labo-III\Bootstrap\Ej3.InstalacionNPM\node_modules\uws\build\uws.vcxproj]
C:\xampp\htdocs\Labo-III\Bootstrap\Ej3.InstalacionNPM\node_modules\uws\src\http.h(348,40): message : 'void v8::Template::Set(v8::Local<v8::Name>,v8::Local<v8::Data>,v8::PropertyAttribute)': el argumento 1 no puede convertirse de 'v8::MaybeLocal<v8::String>' a 'v8::Local<v8::Name>' [C:\xampp\htdocs\Labo-III\Bootstrap\Ej3.InstalacionNPM\node_modules\uws\build\uws.vcxproj]
C:\xampp\htdocs\Labo-III\Bootstrap\Ej3.InstalacionNPM\node_modules\uws\src\http.h(348,65): message : No hay disponible ning£n operador de conversi¢n definido por el usuario que pueda realizar esta conversi¢n, o bien no se puede llamar al operador [C:\xampp\htdocs\Labo-III\Bootstrap\Ej3.InstalacionNPM\node_modules\uws\build\uws.vcxproj]
C:\xampp\htdocs\Labo-III\Bootstrap\Ej3.InstalacionNPM\node_modules\uws\src\http.h(348,40): message : al hacer coincidir la lista de argumentos '(v8::MaybeLocal<v8::String>, v8::Local<v8::FunctionTemplate>)' [C:\xampp\htdocs\Labo-III\Bootstrap\Ej3.InstalacionNPM\node_modules\uws\build\uws.vcxproj]
C:\xampp\htdocs\Labo-III\Bootstrap\Ej3.InstalacionNPM\node_modules\uws\src\http.h(353,53): error C2660: 'v8::FunctionTemplate::GetFunction': la funci¢n no acepta 0 argumentos [C:\xampp\htdocs\Labo-III\Bootstrap\Ej3.InstalacionNPM\node_modules\uws\build\uws.vcxproj]
C:\Users\Ivan Fabella\AppData\Local\node-gyp\Cache\18.16.0\include\node\v8-template.h(513,46): message : vea la declaraci¢n de 'v8::FunctionTemplate::GetFunction' [C:\xampp\htdocs\Labo-III\Bootstrap\Ej3.InstalacionNPM\node_modules\uws\build\uws.vcxproj]
C:\xampp\htdocs\Labo-III\Bootstrap\Ej3.InstalacionNPM\node_modules\uws\src\http.h(353,53): message : al hacer coincidir la lista de argumentos '()' [C:\xampp\htdocs\Labo-III\Bootstrap\Ej3.InstalacionNPM\node_modules\uws\build\uws.vcxproj]
C:\xampp\htdocs\Labo-III\Bootstrap\Ej3.InstalacionNPM\node_modules\uws\src\addon.cpp(8,12): error C2661: 'v8::Object::Set': ninguna funci¢n sobrecargada acepta 2 argumentos [C:\xampp\htdocs\Labo-III\Bootstrap\Ej3.InstalacionNPM\node_modules\uws\build\uws.vcxproj]
C:\xampp\htdocs\Labo-III\Bootstrap\Ej3.InstalacionNPM\node_modules\uws\src\addon.cpp(8,12): message : al hacer coincidir la lista de argumentos '(v8::MaybeLocal<v8::String>, v8::Local<v8::Object>)' [C:\xampp\htdocs\Labo-III\Bootstrap\Ej3.InstalacionNPM\node_modules\uws\build\uws.vcxproj]
C:\xampp\htdocs\Labo-III\Bootstrap\Ej3.InstalacionNPM\node_modules\uws\src\addon.cpp(9,12): error C2661: 'v8::Object::Set': ninguna funci¢n sobrecargada acepta 2 argumentos [C:\xampp\htdocs\Labo-III\Bootstrap\Ej3.InstalacionNPM\node_modules\uws\build\uws.vcxproj]
C:\xampp\htdocs\Labo-III\Bootstrap\Ej3.InstalacionNPM\node_modules\uws\src\addon.cpp(9,12): message : al hacer coincidir la lista de argumentos '(v8::MaybeLocal<v8::String>, v8::Local<v8::Object>)' [C:\xampp\htdocs\Labo-III\Bootstrap\Ej3.InstalacionNPM\node_modules\uws\build\uws.vcxproj]
C:\xampp\htdocs\Labo-III\Bootstrap\Ej3.InstalacionNPM\node_modules\uws\src\addon.cpp(10,12): error C2661: 'v8::Object::Set': ninguna funci¢n sobrecargada acepta 2 argumentos [C:\xampp\htdocs\Labo-III\Bootstrap\Ej3.InstalacionNPM\node_modules\uws\build\uws.vcxproj]
C:\xampp\htdocs\Labo-III\Bootstrap\Ej3.InstalacionNPM\node_modules\uws\src\addon.cpp(10,12): message : al hacer coincidir la lista de argumentos '(v8::MaybeLocal<v8::String>, v8::Local<v8::Function>)' [C:\xampp\htdocs\Labo-III\Bootstrap\Ej3.InstalacionNPM\node_modules\uws\build\uws.vcxproj]
gyp ERR! build error 
gyp ERR! stack Error: `C:\Program Files\Microsoft Visual Studio\2022\Community\MSBuild\Current\Bin\MSBuild.exe` failed with exit code: 1
gyp ERR! stack     at ChildProcess.onExit (C:\Program Files\nodejs\node_modules\npm\node_modules\node-gyp\lib\build.js:203:23)
gyp ERR! stack     at ChildProcess.emit (node:events:513:28)
gyp ERR! stack     at ChildProcess._handle.onexit (node:internal/child_process:291:12)
gyp ERR! System Windows_NT 10.0.19045
gyp ERR! command "C:\\Program Files\\nodejs\\node.exe" "C:\\Program Files\\nodejs\\node_modules\\npm\\node_modules\\node-gyp\\bin\\node-gyp.js" "rebuild"
gyp ERR! cwd C:\xampp\htdocs\Labo-III\Bootstrap\Ej3.InstalacionNPM\node_modules\uws
gyp ERR! node -v v18.16.0
gyp ERR! node-gyp -v v9.3.1
gyp ERR! not ok 
